# JRE version: OpenJDK Runtime Environment (8.0_152-b06) (build 1.8.0_152-release-1136-b06)
# Java VM: OpenJDK 64-Bit Server VM (25.152-b06 mixed mode windows-amd64 compressed oops)
Heap:
 PSYoungGen      total 272896K, used 66834K [0x00000000e0000000, 0x00000000f4c80000, 0x0000000100000000)
  eden space 254976K, 24% used [0x00000000e0000000,0x00000000e3c148b0,0x00000000ef900000)
  from space 17920K, 29% used [0x00000000f0980000,0x00000000f0eb0158,0x00000000f1b00000)
  to   space 16896K, 0% used [0x00000000ef900000,0x00000000ef900000,0x00000000f0980000)
 ParOldGen       total 95744K, used 42700K [0x00000000a0000000, 0x00000000a5d80000, 0x00000000e0000000)
  object space 95744K, 44% used [0x00000000a0000000,0x00000000a29b30b0,0x00000000a5d80000)
 Metaspace       used 65577K, capacity 67934K, committed 68056K, reserved 1107968K
  class space    used 8700K, capacity 9194K, committed 9216K, reserved 1048576K
GC Heap History (10 events):
Event: 20.413 GC heap before
{Heap before GC invocations=17 (full 3):
 PSYoungGen      total 180736K, used 173735K [0x00000000e0000000, 0x00000000ee800000, 0x0000000100000000)
  eden space 161792K, 100% used [0x00000000e0000000,0x00000000e9e00000,0x00000000e9e00000)
  from space 18944K, 63% used [0x00000000e9e00000,0x00000000ea9a9f70,0x00000000eb080000)
  to   space 19456K, 0% used [0x00000000ed500000,0x00000000ed500000,0x00000000ee800000)
 ParOldGen       total 95744K, used 39039K [0x00000000a0000000, 0x00000000a5d80000, 0x00000000e0000000)
  object space 95744K, 40% used [0x00000000a0000000,0x00000000a261ff10,0x00000000a5d80000)
 Metaspace       used 64144K, capacity 66144K, committed 66392K, reserved 1105920K
  class space    used 8555K, capacity 8995K, committed 9088K, reserved 1048576K
Event: 20.436 GC heap after
Heap after GC invocations=17 (full 3):
 PSYoungGen      total 219136K, used 8959K [0x00000000e0000000, 0x00000000eed00000, 0x0000000100000000)
  eden space 199680K, 0% used [0x00000000e0000000,0x00000000e0000000,0x00000000ec300000)
  from space 19456K, 46% used [0x00000000ed500000,0x00000000eddbfca0,0x00000000ee800000)
  to   space 18432K, 0% used [0x00000000ec300000,0x00000000ec300000,0x00000000ed500000)
 ParOldGen       total 95744K, used 39047K [0x00000000a0000000, 0x00000000a5d80000, 0x00000000e0000000)
  object space 95744K, 40% used [0x00000000a0000000,0x00000000a2621f10,0x00000000a5d80000)
 Metaspace       used 64144K, capacity 66144K, committed 66392K, reserved 1105920K
  class space    used 8555K, capacity 8995K, committed 9088K, reserved 1048576K
}
Event: 21.622 GC heap before
{Heap before GC invocations=18 (full 3):
 PSYoungGen      total 219136K, used 208639K [0x00000000e0000000, 0x00000000eed00000, 0x0000000100000000)
  eden space 199680K, 100% used [0x00000000e0000000,0x00000000ec300000,0x00000000ec300000)
  from space 19456K, 46% used [0x00000000ed500000,0x00000000eddbfca0,0x00000000ee800000)
  to   space 18432K, 0% used [0x00000000ec300000,0x00000000ec300000,0x00000000ed500000)
 ParOldGen       total 95744K, used 39047K [0x00000000a0000000, 0x00000000a5d80000, 0x00000000e0000000)
  object space 95744K, 40% used [0x00000000a0000000,0x00000000a2621f10,0x00000000a5d80000)
 Metaspace       used 65335K, capacity 67650K, committed 67800K, reserved 1107968K
  class space    used 8690K, capacity 9194K, committed 9216K, reserved 1048576K
Event: 21.642 GC heap after
Heap after GC invocations=18 (full 3):
 PSYoungGen      total 218112K, used 9865K [0x00000000e0000000, 0x00000000f1b00000, 0x0000000100000000)
  eden space 199680K, 0% used [0x00000000e0000000,0x00000000e0000000,0x00000000ec300000)
  from space 18432K, 53% used [0x00000000ec300000,0x00000000ecca2518,0x00000000ed500000)
  to   space 17920K, 0% used [0x00000000f0980000,0x00000000f0980000,0x00000000f1b00000)
 ParOldGen       total 95744K, used 39055K [0x00000000a0000000, 0x00000000a5d80000, 0x00000000e0000000)
  object space 95744K, 40% used [0x00000000a0000000,0x00000000a2623f10,0x00000000a5d80000)
 Metaspace       used 65335K, capacity 67650K, committed 67800K, reserved 1107968K
  class space    used 8690K, capacity 9194K, committed 9216K, reserved 1048576K
}
Event: 22.779 GC heap before
{Heap before GC invocations=19 (full 3):
 PSYoungGen      total 218112K, used 209545K [0x00000000e0000000, 0x00000000f1b00000, 0x0000000100000000)
  eden space 199680K, 100% used [0x00000000e0000000,0x00000000ec300000,0x00000000ec300000)
  from space 18432K, 53% used [0x00000000ec300000,0x00000000ecca2518,0x00000000ed500000)
  to   space 17920K, 0% used [0x00000000f0980000,0x00000000f0980000,0x00000000f1b00000)
 ParOldGen       total 95744K, used 39055K [0x00000000a0000000, 0x00000000a5d80000, 0x00000000e0000000)
  object space 95744K, 40% used [0x00000000a0000000,0x00000000a2623f10,0x00000000a5d80000)
 Metaspace       used 65475K, capacity 67786K, committed 68056K, reserved 1107968K
  class space    used 8700K, capacity 9194K, committed 9216K, reserved 1048576K
Event: 22.819 GC heap after
Heap after GC invocations=19 (full 3):
 PSYoungGen      total 271872K, used 11408K [0x00000000e0000000, 0x00000000f2200000, 0x0000000100000000)
  eden space 253952K, 0% used [0x00000000e0000000,0x00000000e0000000,0x00000000ef800000)
  from space 17920K, 63% used [0x00000000f0980000,0x00000000f14a4310,0x00000000f1b00000)
  to   space 17920K, 0% used [0x00000000ef800000,0x00000000ef800000,0x00000000f0980000)
 ParOldGen       total 95744K, used 39063K [0x00000000a0000000, 0x00000000a5d80000, 0x00000000e0000000)
  object space 95744K, 40% used [0x00000000a0000000,0x00000000a2625f10,0x00000000a5d80000)
 Metaspace       used 65475K, capacity 67786K, committed 68056K, reserved 1107968K
  class space    used 8700K, capacity 9194K, committed 9216K, reserved 1048576K
}
Event: 23.949 GC heap before
{Heap before GC invocations=20 (full 3):
 PSYoungGen      total 271872K, used 265360K [0x00000000e0000000, 0x00000000f2200000, 0x0000000100000000)
  eden space 253952K, 100% used [0x00000000e0000000,0x00000000ef800000,0x00000000ef800000)
  from space 17920K, 63% used [0x00000000f0980000,0x00000000f14a4310,0x00000000f1b00000)
  to   space 17920K, 0% used [0x00000000ef800000,0x00000000ef800000,0x00000000f0980000)
 ParOldGen       total 95744K, used 39063K [0x00000000a0000000, 0x00000000a5d80000, 0x00000000e0000000)
  object space 95744K, 40% used [0x00000000a0000000,0x00000000a2625f10,0x00000000a5d80000)
 Metaspace       used 65529K, capacity 67862K, committed 68056K, reserved 1107968K
  class space    used 8700K, capacity 9194K, committed 9216K, reserved 1048576K
Event: 23.990 GC heap after
Heap after GC invocations=20 (full 3):
 PSYoungGen      total 271872K, used 7530K [0x00000000e0000000, 0x00000000f2200000, 0x0000000100000000)
  eden space 253952K, 0% used [0x00000000e0000000,0x00000000e0000000,0x00000000ef800000)
  from space 17920K, 42% used [0x00000000ef800000,0x00000000eff5a8e0,0x00000000f0980000)
  to   space 17920K, 0% used [0x00000000f0980000,0x00000000f0980000,0x00000000f1b00000)
 ParOldGen       total 95744K, used 41788K [0x00000000a0000000, 0x00000000a5d80000, 0x00000000e0000000)
  object space 95744K, 43% used [0x00000000a0000000,0x00000000a28cf060,0x00000000a5d80000)
 Metaspace       used 65529K, capacity 67862K, committed 68056K, reserved 1107968K
  class space    used 8700K, capacity 9194K, committed 9216K, reserved 1048576K
}
Event: 25.528 GC heap before
{Heap before GC invocations=21 (full 3):
 PSYoungGen      total 271872K, used 261482K [0x00000000e0000000, 0x00000000f2200000, 0x0000000100000000)
  eden space 253952K, 100% used [0x00000000e0000000,0x00000000ef800000,0x00000000ef800000)
  from space 17920K, 42% used [0x00000000ef800000,0x00000000eff5a8e0,0x00000000f0980000)
  to   space 17920K, 0% used [0x00000000f0980000,0x00000000f0980000,0x00000000f1b00000)
 ParOldGen       total 95744K, used 41788K [0x00000000a0000000, 0x00000000a5d80000, 0x00000000e0000000)
  object space 95744K, 43% used [0x00000000a0000000,0x00000000a28cf060,0x00000000a5d80000)
 Metaspace       used 65568K, capacity 67870K, committed 68056K, reserved 1107968K
  class space    used 8700K, capacity 9194K, committed 9216K, reserved 1048576K
Event: 25.548 GC heap after
Heap after GC invocations=21 (full 3):
 PSYoungGen      total 272896K, used 5312K [0x00000000e0000000, 0x00000000f4c80000, 0x0000000100000000)
  eden space 254976K, 0% used [0x00000000e0000000,0x00000000e0000000,0x00000000ef900000)
  from space 17920K, 29% used [0x00000000f0980000,0x00000000f0eb0158,0x00000000f1b00000)
  to   space 16896K, 0% used [0x00000000ef900000,0x00000000ef900000,0x00000000f0980000)
 ParOldGen       total 95744K, used 42700K [0x00000000a0000000, 0x00000000a5d80000, 0x00000000e0000000)
  object space 95744K, 44% used [0x00000000a0000000,0x00000000a29b30b0,0x00000000a5d80000)
 Metaspace       used 65568K, capacity 67870K, committed 68056K, reserved 1107968K
  class space    used 8700K, capacity 9194K, committed 9216K, reserved 1048576K
}

