# JRE version: OpenJDK Runtime Environment (8.0_152-b06) (build 1.8.0_152-release-1136-b06)
# Java VM: OpenJDK 64-Bit Server VM (25.152-b06 mixed mode windows-amd64 compressed oops)
Heap:
 PSYoungGen      total 258560K, used 99184K [0x00000000e0000000, 0x00000000f1200000, 0x0000000100000000)
  eden space 241664K, 34% used [0x00000000e0000000,0x00000000e505ec18,0x00000000eec00000)
  from space 16896K, 99% used [0x00000000f0180000,0x00000000f11fd4e8,0x00000000f1200000)
  to   space 19456K, 0% used [0x00000000eec00000,0x00000000eec00000,0x00000000eff00000)
 ParOldGen       total 94720K, used 62204K [0x00000000a0000000, 0x00000000a5c80000, 0x00000000e0000000)
  object space 94720K, 65% used [0x00000000a0000000,0x00000000a3cbf2a8,0x00000000a5c80000)
 Metaspace       used 66486K, capacity 68908K, committed 69208K, reserved 1110016K
  class space    used 8766K, capacity 9275K, committed 9344K, reserved 1048576K
GC Heap History (10 events):
Event: 29.664 GC heap before
{Heap before GC invocations=29 (full 3):
 PSYoungGen      total 261120K, used 248216K [0x00000000e0000000, 0x00000000f1200000, 0x0000000100000000)
  eden space 241664K, 100% used [0x00000000e0000000,0x00000000eec00000,0x00000000eec00000)
  from space 19456K, 33% used [0x00000000eec00000,0x00000000ef266148,0x00000000eff00000)
  to   space 16896K, 0% used [0x00000000f0180000,0x00000000f0180000,0x00000000f1200000)
 ParOldGen       total 94720K, used 44538K [0x00000000a0000000, 0x00000000a5c80000, 0x00000000e0000000)
  object space 94720K, 47% used [0x00000000a0000000,0x00000000a2b7eb00,0x00000000a5c80000)
 Metaspace       used 65553K, capacity 67908K, committed 68056K, reserved 1107968K
  class space    used 8691K, capacity 9179K, committed 9216K, reserved 1048576K
Event: 29.682 GC heap after
Heap after GC invocations=29 (full 3):
 PSYoungGen      total 258560K, used 11379K [0x00000000e0000000, 0x00000000f1200000, 0x0000000100000000)
  eden space 241664K, 0% used [0x00000000e0000000,0x00000000e0000000,0x00000000eec00000)
  from space 16896K, 67% used [0x00000000f0180000,0x00000000f0c9cfd8,0x00000000f1200000)
  to   space 19456K, 0% used [0x00000000eec00000,0x00000000eec00000,0x00000000eff00000)
 ParOldGen       total 94720K, used 45678K [0x00000000a0000000, 0x00000000a5c80000, 0x00000000e0000000)
  object space 94720K, 48% used [0x00000000a0000000,0x00000000a2c9bb60,0x00000000a5c80000)
 Metaspace       used 65553K, capacity 67908K, committed 68056K, reserved 1107968K
  class space    used 8691K, capacity 9179K, committed 9216K, reserved 1048576K
}
Event: 30.819 GC heap before
{Heap before GC invocations=30 (full 3):
 PSYoungGen      total 258560K, used 253043K [0x00000000e0000000, 0x00000000f1200000, 0x0000000100000000)
  eden space 241664K, 100% used [0x00000000e0000000,0x00000000eec00000,0x00000000eec00000)
  from space 16896K, 67% used [0x00000000f0180000,0x00000000f0c9cfd8,0x00000000f1200000)
  to   space 19456K, 0% used [0x00000000eec00000,0x00000000eec00000,0x00000000eff00000)
 ParOldGen       total 94720K, used 45678K [0x00000000a0000000, 0x00000000a5c80000, 0x00000000e0000000)
  object space 94720K, 48% used [0x00000000a0000000,0x00000000a2c9bb60,0x00000000a5c80000)
 Metaspace       used 65576K, capacity 67908K, committed 68056K, reserved 1107968K
  class space    used 8691K, capacity 9179K, committed 9216K, reserved 1048576K
Event: 30.836 GC heap after
Heap after GC invocations=30 (full 3):
 PSYoungGen      total 261120K, used 11135K [0x00000000e0000000, 0x00000000f1200000, 0x0000000100000000)
  eden space 241664K, 0% used [0x00000000e0000000,0x00000000e0000000,0x00000000eec00000)
  from space 19456K, 57% used [0x00000000eec00000,0x00000000ef6dfe20,0x00000000eff00000)
  to   space 16896K, 0% used [0x00000000f0180000,0x00000000f0180000,0x00000000f1200000)
 ParOldGen       total 94720K, used 45918K [0x00000000a0000000, 0x00000000a5c80000, 0x00000000e0000000)
  object space 94720K, 48% used [0x00000000a0000000,0x00000000a2cd7b60,0x00000000a5c80000)
 Metaspace       used 65576K, capacity 67908K, committed 68056K, reserved 1107968K
  class space    used 8691K, capacity 9179K, committed 9216K, reserved 1048576K
}
Event: 32.383 GC heap before
{Heap before GC invocations=31 (full 3):
 PSYoungGen      total 261120K, used 252799K [0x00000000e0000000, 0x00000000f1200000, 0x0000000100000000)
  eden space 241664K, 100% used [0x00000000e0000000,0x00000000eec00000,0x00000000eec00000)
  from space 19456K, 57% used [0x00000000eec00000,0x00000000ef6dfe20,0x00000000eff00000)
  to   space 16896K, 0% used [0x00000000f0180000,0x00000000f0180000,0x00000000f1200000)
 ParOldGen       total 94720K, used 46372K [0x00000000a0000000, 0x00000000a5c80000, 0x00000000e0000000)
  object space 94720K, 48% used [0x00000000a0000000,0x00000000a2d49338,0x00000000a5c80000)
 Metaspace       used 65627K, capacity 67918K, committed 68056K, reserved 1107968K
  class space    used 8693K, capacity 9182K, committed 9216K, reserved 1048576K
Event: 32.392 GC heap after
Heap after GC invocations=31 (full 3):
 PSYoungGen      total 258560K, used 3247K [0x00000000e0000000, 0x00000000f1200000, 0x0000000100000000)
  eden space 241664K, 0% used [0x00000000e0000000,0x00000000e0000000,0x00000000eec00000)
  from space 16896K, 19% used [0x00000000f0180000,0x00000000f04abd28,0x00000000f1200000)
  to   space 19456K, 0% used [0x00000000eec00000,0x00000000eec00000,0x00000000eff00000)
 ParOldGen       total 94720K, used 47778K [0x00000000a0000000, 0x00000000a5c80000, 0x00000000e0000000)
  object space 94720K, 50% used [0x00000000a0000000,0x00000000a2ea8940,0x00000000a5c80000)
 Metaspace       used 65627K, capacity 67918K, committed 68056K, reserved 1107968K
  class space    used 8693K, capacity 9182K, committed 9216K, reserved 1048576K
}
Event: 33.054 GC heap before
{Heap before GC invocations=32 (full 3):
 PSYoungGen      total 258560K, used 244911K [0x00000000e0000000, 0x00000000f1200000, 0x0000000100000000)
  eden space 241664K, 100% used [0x00000000e0000000,0x00000000eec00000,0x00000000eec00000)
  from space 16896K, 19% used [0x00000000f0180000,0x00000000f04abd28,0x00000000f1200000)
  to   space 19456K, 0% used [0x00000000eec00000,0x00000000eec00000,0x00000000eff00000)
 ParOldGen       total 94720K, used 47779K [0x00000000a0000000, 0x00000000a5c80000, 0x00000000e0000000)
  object space 94720K, 50% used [0x00000000a0000000,0x00000000a2ea8eb0,0x00000000a5c80000)
 Metaspace       used 65636K, capacity 67918K, committed 68056K, reserved 1107968K
  class space    used 8693K, capacity 9182K, committed 9216K, reserved 1048576K
Event: 33.062 GC heap after
Heap after GC invocations=32 (full 3):
 PSYoungGen      total 261120K, used 5553K [0x00000000e0000000, 0x00000000f1200000, 0x0000000100000000)
  eden space 241664K, 0% used [0x00000000e0000000,0x00000000e0000000,0x00000000eec00000)
  from space 19456K, 28% used [0x00000000eec00000,0x00000000ef16c698,0x00000000eff00000)
  to   space 16896K, 0% used [0x00000000f0180000,0x00000000f0180000,0x00000000f1200000)
 ParOldGen       total 94720K, used 48187K [0x00000000a0000000, 0x00000000a5c80000, 0x00000000e0000000)
  object space 94720K, 50% used [0x00000000a0000000,0x00000000a2f0eec0,0x00000000a5c80000)
 Metaspace       used 65636K, capacity 67918K, committed 68056K, reserved 1107968K
  class space    used 8693K, capacity 9182K, committed 9216K, reserved 1048576K
}
Event: 41.387 GC heap before
{Heap before GC invocations=33 (full 3):
 PSYoungGen      total 261120K, used 247217K [0x00000000e0000000, 0x00000000f1200000, 0x0000000100000000)
  eden space 241664K, 100% used [0x00000000e0000000,0x00000000eec00000,0x00000000eec00000)
  from space 19456K, 28% used [0x00000000eec00000,0x00000000ef16c698,0x00000000eff00000)
  to   space 16896K, 0% used [0x00000000f0180000,0x00000000f0180000,0x00000000f1200000)
 ParOldGen       total 94720K, used 48187K [0x00000000a0000000, 0x00000000a5c80000, 0x00000000e0000000)
  object space 94720K, 50% used [0x00000000a0000000,0x00000000a2f0eec0,0x00000000a5c80000)
 Metaspace       used 66453K, capacity 68844K, committed 68952K, reserved 1110016K
  class space    used 8766K, capacity 9275K, committed 9344K, reserved 1048576K
Event: 41.475 GC heap after
Heap after GC invocations=33 (full 3):
 PSYoungGen      total 258560K, used 16885K [0x00000000e0000000, 0x00000000f1200000, 0x0000000100000000)
  eden space 241664K, 0% used [0x00000000e0000000,0x00000000e0000000,0x00000000eec00000)
  from space 16896K, 99% used [0x00000000f0180000,0x00000000f11fd4e8,0x00000000f1200000)
  to   space 19456K, 0% used [0x00000000eec00000,0x00000000eec00000,0x00000000eff00000)
 ParOldGen       total 94720K, used 62204K [0x00000000a0000000, 0x00000000a5c80000, 0x00000000e0000000)
  object space 94720K, 65% used [0x00000000a0000000,0x00000000a3cbf2a8,0x00000000a5c80000)
 Metaspace       used 66453K, capacity 68844K, committed 68952K, reserved 1110016K
  class space    used 8766K, capacity 9275K, committed 9344K, reserved 1048576K
}

