# JRE version: OpenJDK Runtime Environment (8.0_152-b06) (build 1.8.0_152-release-1136-b06)
# Java VM: OpenJDK 64-Bit Server VM (25.152-b06 mixed mode windows-amd64 compressed oops)
Heap:
 PSYoungGen      total 210944K, used 3948K [0x00000000e0000000, 0x00000000eeb80000, 0x0000000100000000)
  eden space 205312K, 1% used [0x00000000e0000000,0x00000000e03db358,0x00000000ec880000)
  from space 5632K, 0% used [0x00000000ee600000,0x00000000ee600000,0x00000000eeb80000)
  to   space 17920K, 0% used [0x00000000ec880000,0x00000000ec880000,0x00000000eda00000)
 ParOldGen       total 54784K, used 45179K [0x00000000a0000000, 0x00000000a3580000, 0x00000000e0000000)
  object space 54784K, 82% used [0x00000000a0000000,0x00000000a2c1ed38,0x00000000a3580000)
 Metaspace       used 57540K, capacity 59412K, committed 59648K, reserved 1101824K
  class space    used 7922K, capacity 8402K, committed 8448K, reserved 1048576K
GC Heap History (10 events):
Event: 12.685 GC heap before
{Heap before GC invocations=14 (full 2):
 PSYoungGen      total 140800K, used 140796K [0x00000000e0000000, 0x00000000ec580000, 0x0000000100000000)
  eden space 129536K, 100% used [0x00000000e0000000,0x00000000e7e80000,0x00000000e7e80000)
  from space 11264K, 99% used [0x00000000e7e80000,0x00000000e897f168,0x00000000e8980000)
  to   space 14336K, 0% used [0x00000000eb780000,0x00000000eb780000,0x00000000ec580000)
 ParOldGen       total 54784K, used 20461K [0x00000000a0000000, 0x00000000a3580000, 0x00000000e0000000)
  object space 54784K, 37% used [0x00000000a0000000,0x00000000a13fb610,0x00000000a3580000)
 Metaspace       used 54850K, capacity 56568K, committed 56576K, reserved 1097728K
  class space    used 7525K, capacity 7935K, committed 7936K, reserved 1048576K
Event: 12.714 GC heap after
Heap after GC invocations=14 (full 2):
 PSYoungGen      total 182784K, used 12978K [0x00000000e0000000, 0x00000000ec480000, 0x0000000100000000)
  eden space 169472K, 0% used [0x00000000e0000000,0x00000000e0000000,0x00000000ea580000)
  from space 13312K, 97% used [0x00000000eb780000,0x00000000ec42cab8,0x00000000ec480000)
  to   space 15872K, 0% used [0x00000000ea580000,0x00000000ea580000,0x00000000eb500000)
 ParOldGen       total 54784K, used 30005K [0x00000000a0000000, 0x00000000a3580000, 0x00000000e0000000)
  object space 54784K, 54% used [0x00000000a0000000,0x00000000a1d4d7f8,0x00000000a3580000)
 Metaspace       used 54850K, capacity 56568K, committed 56576K, reserved 1097728K
  class space    used 7525K, capacity 7935K, committed 7936K, reserved 1048576K
}
Event: 16.451 GC heap before
{Heap before GC invocations=15 (full 2):
 PSYoungGen      total 182784K, used 147891K [0x00000000e0000000, 0x00000000ec480000, 0x0000000100000000)
  eden space 169472K, 79% used [0x00000000e0000000,0x00000000e83c03c0,0x00000000ea580000)
  from space 13312K, 97% used [0x00000000eb780000,0x00000000ec42cab8,0x00000000ec480000)
  to   space 15872K, 0% used [0x00000000ea580000,0x00000000ea580000,0x00000000eb500000)
 ParOldGen       total 54784K, used 30005K [0x00000000a0000000, 0x00000000a3580000, 0x00000000e0000000)
  object space 54784K, 54% used [0x00000000a0000000,0x00000000a1d4d7f8,0x00000000a3580000)
 Metaspace       used 56938K, capacity 58744K, committed 59008K, reserved 1099776K
  class space    used 7845K, capacity 8296K, committed 8320K, reserved 1048576K
Event: 16.479 GC heap after
Heap after GC invocations=15 (full 2):
 PSYoungGen      total 185344K, used 15286K [0x00000000e0000000, 0x00000000ef780000, 0x0000000100000000)
  eden space 169472K, 0% used [0x00000000e0000000,0x00000000e0000000,0x00000000ea580000)
  from space 15872K, 96% used [0x00000000ea580000,0x00000000eb46dba0,0x00000000eb500000)
  to   space 17920K, 0% used [0x00000000ee600000,0x00000000ee600000,0x00000000ef780000)
 ParOldGen       total 54784K, used 36320K [0x00000000a0000000, 0x00000000a3580000, 0x00000000e0000000)
  object space 54784K, 66% used [0x00000000a0000000,0x00000000a23781d0,0x00000000a3580000)
 Metaspace       used 56938K, capacity 58744K, committed 59008K, reserved 1099776K
  class space    used 7845K, capacity 8296K, committed 8320K, reserved 1048576K
}
Event: 16.479 GC heap before
{Heap before GC invocations=16 (full 3):
 PSYoungGen      total 185344K, used 15286K [0x00000000e0000000, 0x00000000ef780000, 0x0000000100000000)
  eden space 169472K, 0% used [0x00000000e0000000,0x00000000e0000000,0x00000000ea580000)
  from space 15872K, 96% used [0x00000000ea580000,0x00000000eb46dba0,0x00000000eb500000)
  to   space 17920K, 0% used [0x00000000ee600000,0x00000000ee600000,0x00000000ef780000)
 ParOldGen       total 54784K, used 36320K [0x00000000a0000000, 0x00000000a3580000, 0x00000000e0000000)
  object space 54784K, 66% used [0x00000000a0000000,0x00000000a23781d0,0x00000000a3580000)
 Metaspace       used 56938K, capacity 58744K, committed 59008K, reserved 1099776K
  class space    used 7845K, capacity 8296K, committed 8320K, reserved 1048576K
Event: 16.844 GC heap after
Heap after GC invocations=16 (full 3):
 PSYoungGen      total 185344K, used 0K [0x00000000e0000000, 0x00000000ef780000, 0x0000000100000000)
  eden space 169472K, 0% used [0x00000000e0000000,0x00000000e0000000,0x00000000ea580000)
  from space 15872K, 0% used [0x00000000ea580000,0x00000000ea580000,0x00000000eb500000)
  to   space 17920K, 0% used [0x00000000ee600000,0x00000000ee600000,0x00000000ef780000)
 ParOldGen       total 54784K, used 45279K [0x00000000a0000000, 0x00000000a3580000, 0x00000000e0000000)
  object space 54784K, 82% used [0x00000000a0000000,0x00000000a2c37fb8,0x00000000a3580000)
 Metaspace       used 56938K, capacity 58744K, committed 59008K, reserved 1099776K
  class space    used 7845K, capacity 8296K, committed 8320K, reserved 1048576K
}
Event: 17.277 GC heap before
{Heap before GC invocations=17 (full 3):
 PSYoungGen      total 185344K, used 10185K [0x00000000e0000000, 0x00000000ef780000, 0x0000000100000000)
  eden space 169472K, 6% used [0x00000000e0000000,0x00000000e09f26c0,0x00000000ea580000)
  from space 15872K, 0% used [0x00000000ea580000,0x00000000ea580000,0x00000000eb500000)
  to   space 17920K, 0% used [0x00000000ee600000,0x00000000ee600000,0x00000000ef780000)
 ParOldGen       total 54784K, used 45279K [0x00000000a0000000, 0x00000000a3580000, 0x00000000e0000000)
  object space 54784K, 82% used [0x00000000a0000000,0x00000000a2c37fb8,0x00000000a3580000)
 Metaspace       used 57384K, capacity 59252K, committed 59392K, reserved 1103872K
  class space    used 7895K, capacity 8370K, committed 8448K, reserved 1048576K
Event: 17.280 GC heap after
Heap after GC invocations=17 (full 3):
 PSYoungGen      total 210944K, used 1120K [0x00000000e0000000, 0x00000000eeb80000, 0x0000000100000000)
  eden space 205312K, 0% used [0x00000000e0000000,0x00000000e0000000,0x00000000ec880000)
  from space 5632K, 19% used [0x00000000ee600000,0x00000000ee718010,0x00000000eeb80000)
  to   space 17920K, 0% used [0x00000000ec880000,0x00000000ec880000,0x00000000eda00000)
 ParOldGen       total 54784K, used 45287K [0x00000000a0000000, 0x00000000a3580000, 0x00000000e0000000)
  object space 54784K, 82% used [0x00000000a0000000,0x00000000a2c39fb8,0x00000000a3580000)
 Metaspace       used 57384K, capacity 59252K, committed 59392K, reserved 1103872K
  class space    used 7895K, capacity 8370K, committed 8448K, reserved 1048576K
}
Event: 17.280 GC heap before
{Heap before GC invocations=18 (full 4):
 PSYoungGen      total 210944K, used 1120K [0x00000000e0000000, 0x00000000eeb80000, 0x0000000100000000)
  eden space 205312K, 0% used [0x00000000e0000000,0x00000000e0000000,0x00000000ec880000)
  from space 5632K, 19% used [0x00000000ee600000,0x00000000ee718010,0x00000000eeb80000)
  to   space 17920K, 0% used [0x00000000ec880000,0x00000000ec880000,0x00000000eda00000)
 ParOldGen       total 54784K, used 45287K [0x00000000a0000000, 0x00000000a3580000, 0x00000000e0000000)
  object space 54784K, 82% used [0x00000000a0000000,0x00000000a2c39fb8,0x00000000a3580000)
 Metaspace       used 57384K, capacity 59252K, committed 59392K, reserved 1103872K
  class space    used 7895K, capacity 8370K, committed 8448K, reserved 1048576K
Event: 17.408 GC heap after
Heap after GC invocations=18 (full 4):
 PSYoungGen      total 210944K, used 0K [0x00000000e0000000, 0x00000000eeb80000, 0x0000000100000000)
  eden space 205312K, 0% used [0x00000000e0000000,0x00000000e0000000,0x00000000ec880000)
  from space 5632K, 0% used [0x00000000ee600000,0x00000000ee600000,0x00000000eeb80000)
  to   space 17920K, 0% used [0x00000000ec880000,0x00000000ec880000,0x00000000eda00000)
 ParOldGen       total 54784K, used 45179K [0x00000000a0000000, 0x00000000a3580000, 0x00000000e0000000)
  object space 54784K, 82% used [0x00000000a0000000,0x00000000a2c1ed38,0x00000000a3580000)
 Metaspace       used 57384K, capacity 59252K, committed 59392K, reserved 1101824K
  class space    used 7895K, capacity 8370K, committed 8448K, reserved 1048576K
}

