# JRE version: OpenJDK Runtime Environment (8.0_152-b06) (build 1.8.0_152-release-1136-b06)
# Java VM: OpenJDK 64-Bit Server VM (25.152-b06 mixed mode windows-amd64 compressed oops)
Heap:
 PSYoungGen      total 282624K, used 53795K [0x00000000e0000000, 0x00000000f4600000, 0x0000000100000000)
  eden space 268800K, 16% used [0x00000000e0000000,0x00000000e2b10a48,0x00000000f0680000)
  from space 13824K, 70% used [0x00000000f0680000,0x00000000f0ff83b8,0x00000000f1400000)
  to   space 14336K, 0% used [0x00000000f3800000,0x00000000f3800000,0x00000000f4600000)
 ParOldGen       total 89600K, used 49328K [0x00000000a0000000, 0x00000000a5780000, 0x00000000e0000000)
  object space 89600K, 55% used [0x00000000a0000000,0x00000000a302c070,0x00000000a5780000)
 Metaspace       used 65534K, capacity 67854K, committed 68056K, reserved 1107968K
  class space    used 8696K, capacity 9184K, committed 9216K, reserved 1048576K
GC Heap History (10 events):
Event: 24.728 GC heap before
{Heap before GC invocations=28 (full 3):
 PSYoungGen      total 217600K, used 214638K [0x00000000e0000000, 0x00000000ee380000, 0x0000000100000000)
  eden space 204288K, 100% used [0x00000000e0000000,0x00000000ec780000,0x00000000ec780000)
  from space 13312K, 77% used [0x00000000ed680000,0x00000000ee09b8c8,0x00000000ee380000)
  to   space 14336K, 0% used [0x00000000ec780000,0x00000000ec780000,0x00000000ed580000)
 ParOldGen       total 89600K, used 46292K [0x00000000a0000000, 0x00000000a5780000, 0x00000000e0000000)
  object space 89600K, 51% used [0x00000000a0000000,0x00000000a2d35050,0x00000000a5780000)
 Metaspace       used 65400K, capacity 67710K, committed 67800K, reserved 1107968K
  class space    used 8696K, capacity 9184K, committed 9216K, reserved 1048576K
Event: 24.747 GC heap after
Heap after GC invocations=28 (full 3):
 PSYoungGen      total 218624K, used 9940K [0x00000000e0000000, 0x00000000f0300000, 0x0000000100000000)
  eden space 204288K, 0% used [0x00000000e0000000,0x00000000e0000000,0x00000000ec780000)
  from space 14336K, 69% used [0x00000000ec780000,0x00000000ed1353f0,0x00000000ed580000)
  to   space 14848K, 0% used [0x00000000ef480000,0x00000000ef480000,0x00000000f0300000)
 ParOldGen       total 89600K, used 46828K [0x00000000a0000000, 0x00000000a5780000, 0x00000000e0000000)
  object space 89600K, 52% used [0x00000000a0000000,0x00000000a2dbb050,0x00000000a5780000)
 Metaspace       used 65400K, capacity 67710K, committed 67800K, reserved 1107968K
  class space    used 8696K, capacity 9184K, committed 9216K, reserved 1048576K
}
Event: 25.604 GC heap before
{Heap before GC invocations=29 (full 3):
 PSYoungGen      total 218624K, used 214228K [0x00000000e0000000, 0x00000000f0300000, 0x0000000100000000)
  eden space 204288K, 100% used [0x00000000e0000000,0x00000000ec780000,0x00000000ec780000)
  from space 14336K, 69% used [0x00000000ec780000,0x00000000ed1353f0,0x00000000ed580000)
  to   space 14848K, 0% used [0x00000000ef480000,0x00000000ef480000,0x00000000f0300000)
 ParOldGen       total 89600K, used 46828K [0x00000000a0000000, 0x00000000a5780000, 0x00000000e0000000)
  object space 89600K, 52% used [0x00000000a0000000,0x00000000a2dbb050,0x00000000a5780000)
 Metaspace       used 65443K, capacity 67782K, committed 68056K, reserved 1107968K
  class space    used 8696K, capacity 9184K, committed 9216K, reserved 1048576K
Event: 25.628 GC heap after
Heap after GC invocations=29 (full 3):
 PSYoungGen      total 250368K, used 6286K [0x00000000e0000000, 0x00000000f0280000, 0x0000000100000000)
  eden space 236032K, 0% used [0x00000000e0000000,0x00000000e0000000,0x00000000ee680000)
  from space 14336K, 43% used [0x00000000ef480000,0x00000000efaa3938,0x00000000f0280000)
  to   space 14336K, 0% used [0x00000000ee680000,0x00000000ee680000,0x00000000ef480000)
 ParOldGen       total 89600K, used 48216K [0x00000000a0000000, 0x00000000a5780000, 0x00000000e0000000)
  object space 89600K, 53% used [0x00000000a0000000,0x00000000a2f16070,0x00000000a5780000)
 Metaspace       used 65443K, capacity 67782K, committed 68056K, reserved 1107968K
  class space    used 8696K, capacity 9184K, committed 9216K, reserved 1048576K
}
Event: 26.987 GC heap before
{Heap before GC invocations=30 (full 3):
 PSYoungGen      total 250368K, used 242318K [0x00000000e0000000, 0x00000000f0280000, 0x0000000100000000)
  eden space 236032K, 100% used [0x00000000e0000000,0x00000000ee680000,0x00000000ee680000)
  from space 14336K, 43% used [0x00000000ef480000,0x00000000efaa3938,0x00000000f0280000)
  to   space 14336K, 0% used [0x00000000ee680000,0x00000000ee680000,0x00000000ef480000)
 ParOldGen       total 89600K, used 48216K [0x00000000a0000000, 0x00000000a5780000, 0x00000000e0000000)
  object space 89600K, 53% used [0x00000000a0000000,0x00000000a2f16070,0x00000000a5780000)
 Metaspace       used 65472K, capacity 67786K, committed 68056K, reserved 1107968K
  class space    used 8696K, capacity 9184K, committed 9216K, reserved 1048576K
Event: 27.011 GC heap after
Heap after GC invocations=30 (full 3):
 PSYoungGen      total 250368K, used 7525K [0x00000000e0000000, 0x00000000f2400000, 0x0000000100000000)
  eden space 236032K, 0% used [0x00000000e0000000,0x00000000e0000000,0x00000000ee680000)
  from space 14336K, 52% used [0x00000000ee680000,0x00000000eedd9740,0x00000000ef480000)
  to   space 13824K, 0% used [0x00000000f1680000,0x00000000f1680000,0x00000000f2400000)
 ParOldGen       total 89600K, used 49312K [0x00000000a0000000, 0x00000000a5780000, 0x00000000e0000000)
  object space 89600K, 55% used [0x00000000a0000000,0x00000000a3028070,0x00000000a5780000)
 Metaspace       used 65472K, capacity 67786K, committed 68056K, reserved 1107968K
  class space    used 8696K, capacity 9184K, committed 9216K, reserved 1048576K
}
Event: 27.976 GC heap before
{Heap before GC invocations=31 (full 3):
 PSYoungGen      total 250368K, used 243557K [0x00000000e0000000, 0x00000000f2400000, 0x0000000100000000)
  eden space 236032K, 100% used [0x00000000e0000000,0x00000000ee680000,0x00000000ee680000)
  from space 14336K, 52% used [0x00000000ee680000,0x00000000eedd9740,0x00000000ef480000)
  to   space 13824K, 0% used [0x00000000f1680000,0x00000000f1680000,0x00000000f2400000)
 ParOldGen       total 89600K, used 49312K [0x00000000a0000000, 0x00000000a5780000, 0x00000000e0000000)
  object space 89600K, 55% used [0x00000000a0000000,0x00000000a3028070,0x00000000a5780000)
 Metaspace       used 65494K, capacity 67786K, committed 68056K, reserved 1107968K
  class space    used 8696K, capacity 9184K, committed 9216K, reserved 1048576K
Event: 27.986 GC heap after
Heap after GC invocations=31 (full 3):
 PSYoungGen      total 280064K, used 3502K [0x00000000e0000000, 0x00000000f2180000, 0x0000000100000000)
  eden space 268800K, 0% used [0x00000000e0000000,0x00000000e0000000,0x00000000f0680000)
  from space 11264K, 31% used [0x00000000f1680000,0x00000000f19eba20,0x00000000f2180000)
  to   space 13824K, 0% used [0x00000000f0680000,0x00000000f0680000,0x00000000f1400000)
 ParOldGen       total 89600K, used 49320K [0x00000000a0000000, 0x00000000a5780000, 0x00000000e0000000)
  object space 89600K, 55% used [0x00000000a0000000,0x00000000a302a070,0x00000000a5780000)
 Metaspace       used 65494K, capacity 67786K, committed 68056K, reserved 1107968K
  class space    used 8696K, capacity 9184K, committed 9216K, reserved 1048576K
}
Event: 29.582 GC heap before
{Heap before GC invocations=32 (full 3):
 PSYoungGen      total 280064K, used 272302K [0x00000000e0000000, 0x00000000f2180000, 0x0000000100000000)
  eden space 268800K, 100% used [0x00000000e0000000,0x00000000f0680000,0x00000000f0680000)
  from space 11264K, 31% used [0x00000000f1680000,0x00000000f19eba20,0x00000000f2180000)
  to   space 13824K, 0% used [0x00000000f0680000,0x00000000f0680000,0x00000000f1400000)
 ParOldGen       total 89600K, used 49320K [0x00000000a0000000, 0x00000000a5780000, 0x00000000e0000000)
  object space 89600K, 55% used [0x00000000a0000000,0x00000000a302a070,0x00000000a5780000)
 Metaspace       used 65531K, capacity 67854K, committed 68056K, reserved 1107968K
  class space    used 8696K, capacity 9184K, committed 9216K, reserved 1048576K
Event: 29.608 GC heap after
Heap after GC invocations=32 (full 3):
 PSYoungGen      total 282624K, used 9696K [0x00000000e0000000, 0x00000000f4600000, 0x0000000100000000)
  eden space 268800K, 0% used [0x00000000e0000000,0x00000000e0000000,0x00000000f0680000)
  from space 13824K, 70% used [0x00000000f0680000,0x00000000f0ff83b8,0x00000000f1400000)
  to   space 14336K, 0% used [0x00000000f3800000,0x00000000f3800000,0x00000000f4600000)
 ParOldGen       total 89600K, used 49328K [0x00000000a0000000, 0x00000000a5780000, 0x00000000e0000000)
  object space 89600K, 55% used [0x00000000a0000000,0x00000000a302c070,0x00000000a5780000)
 Metaspace       used 65531K, capacity 67854K, committed 68056K, reserved 1107968K
  class space    used 8696K, capacity 9184K, committed 9216K, reserved 1048576K
}

