# JRE version: OpenJDK Runtime Environment (8.0_152-b06) (build 1.8.0_152-release-1136-b06)
# Java VM: OpenJDK 64-Bit Server VM (25.152-b06 mixed mode windows-amd64 compressed oops)
Heap:
 PSYoungGen      total 132608K, used 76598K [0x00000000e0000000, 0x00000000e9380000, 0x0000000100000000)
  eden space 118784K, 64% used [0x00000000e0000000,0x00000000e4acdb50,0x00000000e7400000)
  from space 13824K, 0% used [0x00000000e8180000,0x00000000e8180000,0x00000000e8f00000)
  to   space 13824K, 0% used [0x00000000e7400000,0x00000000e7400000,0x00000000e8180000)
 ParOldGen       total 54272K, used 44942K [0x00000000a0000000, 0x00000000a3500000, 0x00000000e0000000)
  object space 54272K, 82% used [0x00000000a0000000,0x00000000a2be3990,0x00000000a3500000)
 Metaspace       used 61168K, capacity 63360K, committed 63616K, reserved 1103872K
  class space    used 8197K, capacity 8730K, committed 8832K, reserved 1048576K
GC Heap History (10 events):
Event: 19.068 GC heap before
{Heap before GC invocations=17 (full 2):
 PSYoungGen      total 85504K, used 85472K [0x00000000e0000000, 0x00000000e6500000, 0x0000000100000000)
  eden space 79360K, 100% used [0x00000000e0000000,0x00000000e4d80000,0x00000000e4d80000)
  from space 6144K, 99% used [0x00000000e5f00000,0x00000000e64f80c0,0x00000000e6500000)
  to   space 6656K, 0% used [0x00000000e5800000,0x00000000e5800000,0x00000000e5e80000)
 ParOldGen       total 54272K, used 17911K [0x00000000a0000000, 0x00000000a3500000, 0x00000000e0000000)
  object space 54272K, 33% used [0x00000000a0000000,0x00000000a117dcf0,0x00000000a3500000)
 Metaspace       used 44517K, capacity 45604K, committed 45952K, reserved 1089536K
  class space    used 6074K, capacity 6422K, committed 6528K, reserved 1048576K
Event: 19.087 GC heap after
Heap after GC invocations=17 (full 2):
 PSYoungGen      total 96768K, used 6652K [0x00000000e0000000, 0x00000000e7580000, 0x0000000100000000)
  eden space 90112K, 0% used [0x00000000e0000000,0x00000000e0000000,0x00000000e5800000)
  from space 6656K, 99% used [0x00000000e5800000,0x00000000e5e7f2f0,0x00000000e5e80000)
  to   space 10240K, 0% used [0x00000000e6b80000,0x00000000e6b80000,0x00000000e7580000)
 ParOldGen       total 54272K, used 24954K [0x00000000a0000000, 0x00000000a3500000, 0x00000000e0000000)
  object space 54272K, 45% used [0x00000000a0000000,0x00000000a185e8e0,0x00000000a3500000)
 Metaspace       used 44517K, capacity 45604K, committed 45952K, reserved 1089536K
  class space    used 6074K, capacity 6422K, committed 6528K, reserved 1048576K
}
Event: 21.112 GC heap before
{Heap before GC invocations=18 (full 2):
 PSYoungGen      total 96768K, used 96764K [0x00000000e0000000, 0x00000000e7580000, 0x0000000100000000)
  eden space 90112K, 100% used [0x00000000e0000000,0x00000000e5800000,0x00000000e5800000)
  from space 6656K, 99% used [0x00000000e5800000,0x00000000e5e7f2f0,0x00000000e5e80000)
  to   space 10240K, 0% used [0x00000000e6b80000,0x00000000e6b80000,0x00000000e7580000)
 ParOldGen       total 54272K, used 24954K [0x00000000a0000000, 0x00000000a3500000, 0x00000000e0000000)
  object space 54272K, 45% used [0x00000000a0000000,0x00000000a185e8e0,0x00000000a3500000)
 Metaspace       used 53926K, capacity 55642K, committed 55680K, reserved 1097728K
  class space    used 7370K, capacity 7801K, committed 7808K, reserved 1048576K
Event: 21.157 GC heap after
Heap after GC invocations=18 (full 2):
 PSYoungGen      total 109056K, used 9449K [0x00000000e0000000, 0x00000000e8780000, 0x0000000100000000)
  eden space 98816K, 0% used [0x00000000e0000000,0x00000000e0000000,0x00000000e6080000)
  from space 10240K, 92% used [0x00000000e6b80000,0x00000000e74ba740,0x00000000e7580000)
  to   space 11264K, 0% used [0x00000000e6080000,0x00000000e6080000,0x00000000e6b80000)
 ParOldGen       total 54272K, used 31559K [0x00000000a0000000, 0x00000000a3500000, 0x00000000e0000000)
  object space 54272K, 58% used [0x00000000a0000000,0x00000000a1ed1c40,0x00000000a3500000)
 Metaspace       used 53926K, capacity 55642K, committed 55680K, reserved 1097728K
  class space    used 7370K, capacity 7801K, committed 7808K, reserved 1048576K
}
Event: 22.660 GC heap before
{Heap before GC invocations=19 (full 2):
 PSYoungGen      total 109056K, used 108265K [0x00000000e0000000, 0x00000000e8780000, 0x0000000100000000)
  eden space 98816K, 100% used [0x00000000e0000000,0x00000000e6080000,0x00000000e6080000)
  from space 10240K, 92% used [0x00000000e6b80000,0x00000000e74ba740,0x00000000e7580000)
  to   space 11264K, 0% used [0x00000000e6080000,0x00000000e6080000,0x00000000e6b80000)
 ParOldGen       total 54272K, used 31559K [0x00000000a0000000, 0x00000000a3500000, 0x00000000e0000000)
  object space 54272K, 58% used [0x00000000a0000000,0x00000000a1ed1c40,0x00000000a3500000)
 Metaspace       used 56334K, capacity 58124K, committed 58240K, reserved 1099776K
  class space    used 7736K, capacity 8206K, committed 8320K, reserved 1048576K
Event: 22.688 GC heap after
Heap after GC invocations=19 (full 2):
 PSYoungGen      total 110080K, used 11233K [0x00000000e0000000, 0x00000000e8f00000, 0x0000000100000000)
  eden space 98816K, 0% used [0x00000000e0000000,0x00000000e0000000,0x00000000e6080000)
  from space 11264K, 99% used [0x00000000e6080000,0x00000000e6b78698,0x00000000e6b80000)
  to   space 13824K, 0% used [0x00000000e8180000,0x00000000e8180000,0x00000000e8f00000)
 ParOldGen       total 54272K, used 34251K [0x00000000a0000000, 0x00000000a3500000, 0x00000000e0000000)
  object space 54272K, 63% used [0x00000000a0000000,0x00000000a2172c38,0x00000000a3500000)
 Metaspace       used 56334K, capacity 58124K, committed 58240K, reserved 1099776K
  class space    used 7736K, capacity 8206K, committed 8320K, reserved 1048576K
}
Event: 23.781 GC heap before
{Heap before GC invocations=20 (full 2):
 PSYoungGen      total 110080K, used 81387K [0x00000000e0000000, 0x00000000e8f00000, 0x0000000100000000)
  eden space 98816K, 70% used [0x00000000e0000000,0x00000000e4482898,0x00000000e6080000)
  from space 11264K, 99% used [0x00000000e6080000,0x00000000e6b78698,0x00000000e6b80000)
  to   space 13824K, 0% used [0x00000000e8180000,0x00000000e8180000,0x00000000e8f00000)
 ParOldGen       total 54272K, used 34251K [0x00000000a0000000, 0x00000000a3500000, 0x00000000e0000000)
  object space 54272K, 63% used [0x00000000a0000000,0x00000000a2172c38,0x00000000a3500000)
 Metaspace       used 57072K, capacity 58884K, committed 59008K, reserved 1099776K
  class space    used 7851K, capacity 8296K, committed 8320K, reserved 1048576K
Event: 23.839 GC heap after
Heap after GC invocations=20 (full 2):
 PSYoungGen      total 132608K, used 8529K [0x00000000e0000000, 0x00000000e9380000, 0x0000000100000000)
  eden space 118784K, 0% used [0x00000000e0000000,0x00000000e0000000,0x00000000e7400000)
  from space 13824K, 61% used [0x00000000e8180000,0x00000000e89d4420,0x00000000e8f00000)
  to   space 13824K, 0% used [0x00000000e7400000,0x00000000e7400000,0x00000000e8180000)
 ParOldGen       total 54272K, used 45498K [0x00000000a0000000, 0x00000000a3500000, 0x00000000e0000000)
  object space 54272K, 83% used [0x00000000a0000000,0x00000000a2c6e918,0x00000000a3500000)
 Metaspace       used 57072K, capacity 58884K, committed 59008K, reserved 1099776K
  class space    used 7851K, capacity 8296K, committed 8320K, reserved 1048576K
}
Event: 23.839 GC heap before
{Heap before GC invocations=21 (full 3):
 PSYoungGen      total 132608K, used 8529K [0x00000000e0000000, 0x00000000e9380000, 0x0000000100000000)
  eden space 118784K, 0% used [0x00000000e0000000,0x00000000e0000000,0x00000000e7400000)
  from space 13824K, 61% used [0x00000000e8180000,0x00000000e89d4420,0x00000000e8f00000)
  to   space 13824K, 0% used [0x00000000e7400000,0x00000000e7400000,0x00000000e8180000)
 ParOldGen       total 54272K, used 45498K [0x00000000a0000000, 0x00000000a3500000, 0x00000000e0000000)
  object space 54272K, 83% used [0x00000000a0000000,0x00000000a2c6e918,0x00000000a3500000)
 Metaspace       used 57072K, capacity 58884K, committed 59008K, reserved 1099776K
  class space    used 7851K, capacity 8296K, committed 8320K, reserved 1048576K
Event: 24.329 GC heap after
Heap after GC invocations=21 (full 3):
 PSYoungGen      total 132608K, used 0K [0x00000000e0000000, 0x00000000e9380000, 0x0000000100000000)
  eden space 118784K, 0% used [0x00000000e0000000,0x00000000e0000000,0x00000000e7400000)
  from space 13824K, 0% used [0x00000000e8180000,0x00000000e8180000,0x00000000e8f00000)
  to   space 13824K, 0% used [0x00000000e7400000,0x00000000e7400000,0x00000000e8180000)
 ParOldGen       total 54272K, used 44942K [0x00000000a0000000, 0x00000000a3500000, 0x00000000e0000000)
  object space 54272K, 82% used [0x00000000a0000000,0x00000000a2be3990,0x00000000a3500000)
 Metaspace       used 57072K, capacity 58884K, committed 59008K, reserved 1099776K
  class space    used 7851K, capacity 8296K, committed 8320K, reserved 1048576K
}

