# JRE version: OpenJDK Runtime Environment (8.0_152-b06) (build 1.8.0_152-release-1136-b06)
# Java VM: OpenJDK 64-Bit Server VM (25.152-b06 mixed mode windows-amd64 compressed oops)
Heap:
 PSYoungGen      total 213504K, used 135413K [0x00000000e0000000, 0x00000000ee780000, 0x0000000100000000)
  eden space 189952K, 58% used [0x00000000e0000000,0x00000000e6d441e0,0x00000000eb980000)
  from space 23552K, 99% used [0x00000000eb980000,0x00000000ed0792f0,0x00000000ed080000)
  to   space 17408K, 0% used [0x00000000ed680000,0x00000000ed680000,0x00000000ee780000)
 ParOldGen       total 96256K, used 41467K [0x00000000a0000000, 0x00000000a5e00000, 0x00000000e0000000)
  object space 96256K, 43% used [0x00000000a0000000,0x00000000a287eee8,0x00000000a5e00000)
 Metaspace       used 67753K, capacity 70168K, committed 70488K, reserved 1110016K
  class space    used 8891K, capacity 9513K, committed 9600K, reserved 1048576K
GC Heap History (10 events):
Event: 26.610 GC heap before
{Heap before GC invocations=12 (full 2):
 PSYoungGen      total 138752K, used 138734K [0x00000000e0000000, 0x00000000eb400000, 0x0000000100000000)
  eden space 124416K, 100% used [0x00000000e0000000,0x00000000e7980000,0x00000000e7980000)
  from space 14336K, 99% used [0x00000000e7980000,0x00000000e877b9e0,0x00000000e8780000)
  to   space 17408K, 0% used [0x00000000ea300000,0x00000000ea300000,0x00000000eb400000)
 ParOldGen       total 68608K, used 17785K [0x00000000a0000000, 0x00000000a4300000, 0x00000000e0000000)
  object space 68608K, 25% used [0x00000000a0000000,0x00000000a115e610,0x00000000a4300000)
 Metaspace       used 56826K, capacity 58564K, committed 58840K, reserved 1099776K
  class space    used 7649K, capacity 8116K, committed 8192K, reserved 1048576K
Event: 26.639 GC heap after
Heap after GC invocations=12 (full 2):
 PSYoungGen      total 162816K, used 17400K [0x00000000e0000000, 0x00000000eb980000, 0x0000000100000000)
  eden space 145408K, 0% used [0x00000000e0000000,0x00000000e0000000,0x00000000e8e00000)
  from space 17408K, 99% used [0x00000000ea300000,0x00000000eb3fe350,0x00000000eb400000)
  to   space 21504K, 0% used [0x00000000e8e00000,0x00000000e8e00000,0x00000000ea300000)
 ParOldGen       total 68608K, used 22082K [0x00000000a0000000, 0x00000000a4300000, 0x00000000e0000000)
  object space 68608K, 32% used [0x00000000a0000000,0x00000000a1590aa8,0x00000000a4300000)
 Metaspace       used 56826K, capacity 58564K, committed 58840K, reserved 1099776K
  class space    used 7649K, capacity 8116K, committed 8192K, reserved 1048576K
}
Event: 27.376 GC heap before
{Heap before GC invocations=13 (full 2):
 PSYoungGen      total 162816K, used 31921K [0x00000000e0000000, 0x00000000eb980000, 0x0000000100000000)
  eden space 145408K, 9% used [0x00000000e0000000,0x00000000e0e2e1e0,0x00000000e8e00000)
  from space 17408K, 99% used [0x00000000ea300000,0x00000000eb3fe350,0x00000000eb400000)
  to   space 21504K, 0% used [0x00000000e8e00000,0x00000000e8e00000,0x00000000ea300000)
 ParOldGen       total 68608K, used 22082K [0x00000000a0000000, 0x00000000a4300000, 0x00000000e0000000)
  object space 68608K, 32% used [0x00000000a0000000,0x00000000a1590aa8,0x00000000a4300000)
 Metaspace       used 57404K, capacity 59002K, committed 59028K, reserved 1099776K
  class space    used 7746K, capacity 8191K, committed 8192K, reserved 1048576K
Event: 27.439 GC heap after
Heap after GC invocations=13 (full 2):
 PSYoungGen      total 166912K, used 16398K [0x00000000e0000000, 0x00000000eec80000, 0x0000000100000000)
  eden space 145408K, 0% used [0x00000000e0000000,0x00000000e0000000,0x00000000e8e00000)
  from space 21504K, 76% used [0x00000000e8e00000,0x00000000e9e039a8,0x00000000ea300000)
  to   space 22528K, 0% used [0x00000000ed680000,0x00000000ed680000,0x00000000eec80000)
 ParOldGen       total 68608K, used 22090K [0x00000000a0000000, 0x00000000a4300000, 0x00000000e0000000)
  object space 68608K, 32% used [0x00000000a0000000,0x00000000a1592aa8,0x00000000a4300000)
 Metaspace       used 57404K, capacity 59002K, committed 59028K, reserved 1099776K
  class space    used 7746K, capacity 8191K, committed 8192K, reserved 1048576K
}
Event: 27.439 GC heap before
{Heap before GC invocations=14 (full 3):
 PSYoungGen      total 166912K, used 16398K [0x00000000e0000000, 0x00000000eec80000, 0x0000000100000000)
  eden space 145408K, 0% used [0x00000000e0000000,0x00000000e0000000,0x00000000e8e00000)
  from space 21504K, 76% used [0x00000000e8e00000,0x00000000e9e039a8,0x00000000ea300000)
  to   space 22528K, 0% used [0x00000000ed680000,0x00000000ed680000,0x00000000eec80000)
 ParOldGen       total 68608K, used 22090K [0x00000000a0000000, 0x00000000a4300000, 0x00000000e0000000)
  object space 68608K, 32% used [0x00000000a0000000,0x00000000a1592aa8,0x00000000a4300000)
 Metaspace       used 57404K, capacity 59002K, committed 59028K, reserved 1099776K
  class space    used 7746K, capacity 8191K, committed 8192K, reserved 1048576K
Event: 27.842 GC heap after
Heap after GC invocations=14 (full 3):
 PSYoungGen      total 166912K, used 0K [0x00000000e0000000, 0x00000000eec80000, 0x0000000100000000)
  eden space 145408K, 0% used [0x00000000e0000000,0x00000000e0000000,0x00000000e8e00000)
  from space 21504K, 0% used [0x00000000e8e00000,0x00000000e8e00000,0x00000000ea300000)
  to   space 22528K, 0% used [0x00000000ed680000,0x00000000ed680000,0x00000000eec80000)
 ParOldGen       total 96256K, used 31601K [0x00000000a0000000, 0x00000000a5e00000, 0x00000000e0000000)
  object space 96256K, 32% used [0x00000000a0000000,0x00000000a1edc5c8,0x00000000a5e00000)
 Metaspace       used 57404K, capacity 59002K, committed 59028K, reserved 1099776K
  class space    used 7746K, capacity 8191K, committed 8192K, reserved 1048576K
}
Event: 30.049 GC heap before
{Heap before GC invocations=15 (full 3):
 PSYoungGen      total 166912K, used 145408K [0x00000000e0000000, 0x00000000eec80000, 0x0000000100000000)
  eden space 145408K, 100% used [0x00000000e0000000,0x00000000e8e00000,0x00000000e8e00000)
  from space 21504K, 0% used [0x00000000e8e00000,0x00000000e8e00000,0x00000000ea300000)
  to   space 22528K, 0% used [0x00000000ed680000,0x00000000ed680000,0x00000000eec80000)
 ParOldGen       total 96256K, used 31601K [0x00000000a0000000, 0x00000000a5e00000, 0x00000000e0000000)
  object space 96256K, 32% used [0x00000000a0000000,0x00000000a1edc5c8,0x00000000a5e00000)
 Metaspace       used 59710K, capacity 61532K, committed 61784K, reserved 1101824K
  class space    used 8097K, capacity 8538K, committed 8576K, reserved 1048576K
Event: 30.086 GC heap after
Heap after GC invocations=15 (full 3):
 PSYoungGen      total 207360K, used 15553K [0x00000000e0000000, 0x00000000ee780000, 0x0000000100000000)
  eden space 189952K, 0% used [0x00000000e0000000,0x00000000e0000000,0x00000000eb980000)
  from space 17408K, 89% used [0x00000000ed680000,0x00000000ee5b0410,0x00000000ee780000)
  to   space 23552K, 0% used [0x00000000eb980000,0x00000000eb980000,0x00000000ed080000)
 ParOldGen       total 96256K, used 31601K [0x00000000a0000000, 0x00000000a5e00000, 0x00000000e0000000)
  object space 96256K, 32% used [0x00000000a0000000,0x00000000a1edc5c8,0x00000000a5e00000)
 Metaspace       used 59710K, capacity 61532K, committed 61784K, reserved 1101824K
  class space    used 8097K, capacity 8538K, committed 8576K, reserved 1048576K
}
Event: 42.087 GC heap before
{Heap before GC invocations=16 (full 3):
 PSYoungGen      total 207360K, used 205505K [0x00000000e0000000, 0x00000000ee780000, 0x0000000100000000)
  eden space 189952K, 100% used [0x00000000e0000000,0x00000000eb980000,0x00000000eb980000)
  from space 17408K, 89% used [0x00000000ed680000,0x00000000ee5b0410,0x00000000ee780000)
  to   space 23552K, 0% used [0x00000000eb980000,0x00000000eb980000,0x00000000ed080000)
 ParOldGen       total 96256K, used 31601K [0x00000000a0000000, 0x00000000a5e00000, 0x00000000e0000000)
  object space 96256K, 32% used [0x00000000a0000000,0x00000000a1edc5c8,0x00000000a5e00000)
 Metaspace       used 66369K, capacity 68698K, committed 68952K, reserved 1110016K
  class space    used 8759K, capacity 9327K, committed 9344K, reserved 1048576K
Event: 42.163 GC heap after
Heap after GC invocations=16 (full 3):
 PSYoungGen      total 213504K, used 23524K [0x00000000e0000000, 0x00000000ee780000, 0x0000000100000000)
  eden space 189952K, 0% used [0x00000000e0000000,0x00000000e0000000,0x00000000eb980000)
  from space 23552K, 99% used [0x00000000eb980000,0x00000000ed0792f0,0x00000000ed080000)
  to   space 17408K, 0% used [0x00000000ed680000,0x00000000ed680000,0x00000000ee780000)
 ParOldGen       total 96256K, used 41467K [0x00000000a0000000, 0x00000000a5e00000, 0x00000000e0000000)
  object space 96256K, 43% used [0x00000000a0000000,0x00000000a287eee8,0x00000000a5e00000)
 Metaspace       used 66369K, capacity 68698K, committed 68952K, reserved 1110016K
  class space    used 8759K, capacity 9327K, committed 9344K, reserved 1048576K
}

