# JRE version: OpenJDK Runtime Environment (8.0_152-b06) (build 1.8.0_152-release-1136-b06)
# Java VM: OpenJDK 64-Bit Server VM (25.152-b06 mixed mode windows-amd64 compressed oops)
Heap:
 PSYoungGen      total 74240K, used 42128K [0x00000000e0000000, 0x00000000e5a00000, 0x0000000100000000)
  eden space 68096K, 52% used [0x00000000e0000000,0x00000000e23287d8,0x00000000e4280000)
  from space 6144K, 99% used [0x00000000e5400000,0x00000000e59fbbd0,0x00000000e5a00000)
  to   space 7168K, 0% used [0x00000000e4c00000,0x00000000e4c00000,0x00000000e5300000)
 ParOldGen       total 31744K, used 7333K [0x00000000a0000000, 0x00000000a1f00000, 0x00000000e0000000)
  object space 31744K, 23% used [0x00000000a0000000,0x00000000a0729560,0x00000000a1f00000)
 Metaspace       used 29213K, capacity 29790K, committed 30080K, reserved 1075200K
  class space    used 3964K, capacity 4163K, committed 4224K, reserved 1048576K
GC Heap History (10 events):
Event: 6.130 GC heap before
{Heap before GC invocations=7 (full 0):
 PSYoungGen      total 30208K, used 29575K [0x00000000e0000000, 0x00000000e2b00000, 0x0000000100000000)
  eden space 25088K, 100% used [0x00000000e0000000,0x00000000e1880000,0x00000000e1880000)
  from space 5120K, 87% used [0x00000000e1e00000,0x00000000e2261d00,0x00000000e2300000)
  to   space 5632K, 0% used [0x00000000e1880000,0x00000000e1880000,0x00000000e1e00000)
 ParOldGen       total 44032K, used 4904K [0x00000000a0000000, 0x00000000a2b00000, 0x00000000e0000000)
  object space 44032K, 11% used [0x00000000a0000000,0x00000000a04ca010,0x00000000a2b00000)
 Metaspace       used 16676K, capacity 17116K, committed 17152K, reserved 1064960K
  class space    used 2388K, capacity 2542K, committed 2560K, reserved 1048576K
Event: 6.143 GC heap after
Heap after GC invocations=7 (full 0):
 PSYoungGen      total 30720K, used 5281K [0x00000000e0000000, 0x00000000e3d00000, 0x0000000100000000)
  eden space 25088K, 0% used [0x00000000e0000000,0x00000000e0000000,0x00000000e1880000)
  from space 5632K, 93% used [0x00000000e1880000,0x00000000e1da8738,0x00000000e1e00000)
  to   space 6144K, 0% used [0x00000000e3700000,0x00000000e3700000,0x00000000e3d00000)
 ParOldGen       total 44032K, used 5732K [0x00000000a0000000, 0x00000000a2b00000, 0x00000000e0000000)
  object space 44032K, 13% used [0x00000000a0000000,0x00000000a0599060,0x00000000a2b00000)
 Metaspace       used 16676K, capacity 17116K, committed 17152K, reserved 1064960K
  class space    used 2388K, capacity 2542K, committed 2560K, reserved 1048576K
}
Event: 7.482 GC heap before
{Heap before GC invocations=8 (full 0):
 PSYoungGen      total 30720K, used 30369K [0x00000000e0000000, 0x00000000e3d00000, 0x0000000100000000)
  eden space 25088K, 100% used [0x00000000e0000000,0x00000000e1880000,0x00000000e1880000)
  from space 5632K, 93% used [0x00000000e1880000,0x00000000e1da8738,0x00000000e1e00000)
  to   space 6144K, 0% used [0x00000000e3700000,0x00000000e3700000,0x00000000e3d00000)
 ParOldGen       total 44032K, used 5732K [0x00000000a0000000, 0x00000000a2b00000, 0x00000000e0000000)
  object space 44032K, 13% used [0x00000000a0000000,0x00000000a0599060,0x00000000a2b00000)
 Metaspace       used 19679K, capacity 20182K, committed 20352K, reserved 1067008K
  class space    used 2805K, capacity 2913K, committed 2944K, reserved 1048576K
Event: 7.500 GC heap after
Heap after GC invocations=8 (full 0):
 PSYoungGen      total 55808K, used 5253K [0x00000000e0000000, 0x00000000e3e00000, 0x0000000100000000)
  eden space 49664K, 0% used [0x00000000e0000000,0x00000000e0000000,0x00000000e3080000)
  from space 6144K, 85% used [0x00000000e3700000,0x00000000e3c21518,0x00000000e3d00000)
  to   space 6656K, 0% used [0x00000000e3080000,0x00000000e3080000,0x00000000e3700000)
 ParOldGen       total 44032K, used 6828K [0x00000000a0000000, 0x00000000a2b00000, 0x00000000e0000000)
  object space 44032K, 15% used [0x00000000a0000000,0x00000000a06ab0c0,0x00000000a2b00000)
 Metaspace       used 19679K, capacity 20182K, committed 20352K, reserved 1067008K
  class space    used 2805K, capacity 2913K, committed 2944K, reserved 1048576K
}
Event: 7.747 GC heap before
{Heap before GC invocations=9 (full 0):
 PSYoungGen      total 55808K, used 12565K [0x00000000e0000000, 0x00000000e3e00000, 0x0000000100000000)
  eden space 49664K, 14% used [0x00000000e0000000,0x00000000e0723f38,0x00000000e3080000)
  from space 6144K, 85% used [0x00000000e3700000,0x00000000e3c21518,0x00000000e3d00000)
  to   space 6656K, 0% used [0x00000000e3080000,0x00000000e3080000,0x00000000e3700000)
 ParOldGen       total 44032K, used 6828K [0x00000000a0000000, 0x00000000a2b00000, 0x00000000e0000000)
  object space 44032K, 15% used [0x00000000a0000000,0x00000000a06ab0c0,0x00000000a2b00000)
 Metaspace       used 20715K, capacity 21212K, committed 21248K, reserved 1067008K
  class space    used 2888K, capacity 3042K, committed 3072K, reserved 1048576K
Event: 7.755 GC heap after
Heap after GC invocations=9 (full 0):
 PSYoungGen      total 56320K, used 3363K [0x00000000e0000000, 0x00000000e5a00000, 0x0000000100000000)
  eden space 49664K, 0% used [0x00000000e0000000,0x00000000e0000000,0x00000000e3080000)
  from space 6656K, 50% used [0x00000000e3080000,0x00000000e33c8c90,0x00000000e3700000)
  to   space 6144K, 0% used [0x00000000e5400000,0x00000000e5400000,0x00000000e5a00000)
 ParOldGen       total 44032K, used 7671K [0x00000000a0000000, 0x00000000a2b00000, 0x00000000e0000000)
  object space 44032K, 17% used [0x00000000a0000000,0x00000000a077df90,0x00000000a2b00000)
 Metaspace       used 20715K, capacity 21212K, committed 21248K, reserved 1067008K
  class space    used 2888K, capacity 3042K, committed 3072K, reserved 1048576K
}
Event: 7.755 GC heap before
{Heap before GC invocations=10 (full 1):
 PSYoungGen      total 56320K, used 3363K [0x00000000e0000000, 0x00000000e5a00000, 0x0000000100000000)
  eden space 49664K, 0% used [0x00000000e0000000,0x00000000e0000000,0x00000000e3080000)
  from space 6656K, 50% used [0x00000000e3080000,0x00000000e33c8c90,0x00000000e3700000)
  to   space 6144K, 0% used [0x00000000e5400000,0x00000000e5400000,0x00000000e5a00000)
 ParOldGen       total 44032K, used 7671K [0x00000000a0000000, 0x00000000a2b00000, 0x00000000e0000000)
  object space 44032K, 17% used [0x00000000a0000000,0x00000000a077df90,0x00000000a2b00000)
 Metaspace       used 20715K, capacity 21212K, committed 21248K, reserved 1067008K
  class space    used 2888K, capacity 3042K, committed 3072K, reserved 1048576K
Event: 7.836 GC heap after
Heap after GC invocations=10 (full 1):
 PSYoungGen      total 56320K, used 0K [0x00000000e0000000, 0x00000000e5a00000, 0x0000000100000000)
  eden space 49664K, 0% used [0x00000000e0000000,0x00000000e0000000,0x00000000e3080000)
  from space 6656K, 0% used [0x00000000e3080000,0x00000000e3080000,0x00000000e3700000)
  to   space 6144K, 0% used [0x00000000e5400000,0x00000000e5400000,0x00000000e5a00000)
 ParOldGen       total 31744K, used 7268K [0x00000000a0000000, 0x00000000a1f00000, 0x00000000e0000000)
  object space 31744K, 22% used [0x00000000a0000000,0x00000000a0719368,0x00000000a1f00000)
 Metaspace       used 20715K, capacity 21212K, committed 21248K, reserved 1067008K
  class space    used 2888K, capacity 3042K, committed 3072K, reserved 1048576K
}
Event: 8.983 GC heap before
{Heap before GC invocations=11 (full 1):
 PSYoungGen      total 56320K, used 49664K [0x00000000e0000000, 0x00000000e5a00000, 0x0000000100000000)
  eden space 49664K, 100% used [0x00000000e0000000,0x00000000e3080000,0x00000000e3080000)
  from space 6656K, 0% used [0x00000000e3080000,0x00000000e3080000,0x00000000e3700000)
  to   space 6144K, 0% used [0x00000000e5400000,0x00000000e5400000,0x00000000e5a00000)
 ParOldGen       total 31744K, used 7268K [0x00000000a0000000, 0x00000000a1f00000, 0x00000000e0000000)
  object space 31744K, 22% used [0x00000000a0000000,0x00000000a0719368,0x00000000a1f00000)
 Metaspace       used 26881K, capacity 27436K, committed 27648K, reserved 1073152K
  class space    used 3620K, capacity 3793K, committed 3840K, reserved 1048576K
Event: 8.995 GC heap after
Heap after GC invocations=11 (full 1):
 PSYoungGen      total 74240K, used 6126K [0x00000000e0000000, 0x00000000e5a00000, 0x0000000100000000)
  eden space 68096K, 0% used [0x00000000e0000000,0x00000000e0000000,0x00000000e4280000)
  from space 6144K, 99% used [0x00000000e5400000,0x00000000e59fbbd0,0x00000000e5a00000)
  to   space 7168K, 0% used [0x00000000e4c00000,0x00000000e4c00000,0x00000000e5300000)
 ParOldGen       total 31744K, used 7333K [0x00000000a0000000, 0x00000000a1f00000, 0x00000000e0000000)
  object space 31744K, 23% used [0x00000000a0000000,0x00000000a0729560,0x00000000a1f00000)
 Metaspace       used 26881K, capacity 27436K, committed 27648K, reserved 1073152K
  class space    used 3620K, capacity 3793K, committed 3840K, reserved 1048576K
}

