# JRE version: OpenJDK Runtime Environment (8.0_152-b06) (build 1.8.0_152-release-1136-b06)
# Java VM: OpenJDK 64-Bit Server VM (25.152-b06 mixed mode windows-amd64 compressed oops)
Heap:
 PSYoungGen      total 168960K, used 92931K [0x00000000e0000000, 0x00000000eb900000, 0x0000000100000000)
  eden space 151552K, 53% used [0x00000000e0000000,0x00000000e4fd2c68,0x00000000e9400000)
  from space 17408K, 64% used [0x00000000ea800000,0x00000000eb2ee220,0x00000000eb900000)
  to   space 18944K, 0% used [0x00000000e9400000,0x00000000e9400000,0x00000000ea680000)
 ParOldGen       total 95744K, used 33058K [0x00000000a0000000, 0x00000000a5d80000, 0x00000000e0000000)
  object space 95744K, 34% used [0x00000000a0000000,0x00000000a2048818,0x00000000a5d80000)
 Metaspace       used 66162K, capacity 67928K, committed 68184K, reserved 1107968K
  class space    used 8623K, capacity 9059K, committed 9088K, reserved 1048576K
GC Heap History (10 events):
Event: 21.336 GC heap before
{Heap before GC invocations=17 (full 2):
 PSYoungGen      total 117760K, used 113605K [0x00000000e0000000, 0x00000000e8300000, 0x0000000100000000)
  eden space 104960K, 99% used [0x00000000e0000000,0x00000000e666f268,0x00000000e6680000)
  from space 12800K, 68% used [0x00000000e7380000,0x00000000e7c02338,0x00000000e8000000)
  to   space 13312K, 0% used [0x00000000e6680000,0x00000000e6680000,0x00000000e7380000)
 ParOldGen       total 57856K, used 32027K [0x00000000a0000000, 0x00000000a3880000, 0x00000000e0000000)
  object space 57856K, 55% used [0x00000000a0000000,0x00000000a1f46c28,0x00000000a3880000)
 Metaspace       used 56424K, capacity 57926K, committed 58200K, reserved 1099776K
  class space    used 7620K, capacity 7996K, committed 8064K, reserved 1048576K
Event: 21.367 GC heap after
Heap after GC invocations=17 (full 2):
 PSYoungGen      total 118272K, used 13301K [0x00000000e0000000, 0x00000000ea800000, 0x0000000100000000)
  eden space 104960K, 0% used [0x00000000e0000000,0x00000000e0000000,0x00000000e6680000)
  from space 13312K, 99% used [0x00000000e6680000,0x00000000e737d430,0x00000000e7380000)
  to   space 18432K, 0% used [0x00000000e9600000,0x00000000e9600000,0x00000000ea800000)
 ParOldGen       total 57856K, used 40943K [0x00000000a0000000, 0x00000000a3880000, 0x00000000e0000000)
  object space 57856K, 70% used [0x00000000a0000000,0x00000000a27fbeb0,0x00000000a3880000)
 Metaspace       used 56424K, capacity 57926K, committed 58200K, reserved 1099776K
  class space    used 7620K, capacity 7996K, committed 8064K, reserved 1048576K
}
Event: 23.596 GC heap before
{Heap before GC invocations=18 (full 2):
 PSYoungGen      total 118272K, used 40179K [0x00000000e0000000, 0x00000000ea800000, 0x0000000100000000)
  eden space 104960K, 25% used [0x00000000e0000000,0x00000000e1a3f7d8,0x00000000e6680000)
  from space 13312K, 99% used [0x00000000e6680000,0x00000000e737d430,0x00000000e7380000)
  to   space 18432K, 0% used [0x00000000e9600000,0x00000000e9600000,0x00000000ea800000)
 ParOldGen       total 57856K, used 40943K [0x00000000a0000000, 0x00000000a3880000, 0x00000000e0000000)
  object space 57856K, 70% used [0x00000000a0000000,0x00000000a27fbeb0,0x00000000a3880000)
 Metaspace       used 57335K, capacity 58914K, committed 59028K, reserved 1099776K
  class space    used 7732K, capacity 8132K, committed 8192K, reserved 1048576K
Event: 23.617 GC heap after
Heap after GC invocations=18 (full 2):
 PSYoungGen      total 152576K, used 1805K [0x00000000e0000000, 0x00000000ea780000, 0x0000000100000000)
  eden space 134656K, 0% used [0x00000000e0000000,0x00000000e0000000,0x00000000e8380000)
  from space 17920K, 10% used [0x00000000e9600000,0x00000000e97c37d0,0x00000000ea780000)
  to   space 18432K, 0% used [0x00000000e8380000,0x00000000e8380000,0x00000000e9580000)
 ParOldGen       total 57856K, used 52139K [0x00000000a0000000, 0x00000000a3880000, 0x00000000e0000000)
  object space 57856K, 90% used [0x00000000a0000000,0x00000000a32eac30,0x00000000a3880000)
 Metaspace       used 57335K, capacity 58914K, committed 59028K, reserved 1099776K
  class space    used 7732K, capacity 8132K, committed 8192K, reserved 1048576K
}
Event: 23.617 GC heap before
{Heap before GC invocations=19 (full 3):
 PSYoungGen      total 152576K, used 1805K [0x00000000e0000000, 0x00000000ea780000, 0x0000000100000000)
  eden space 134656K, 0% used [0x00000000e0000000,0x00000000e0000000,0x00000000e8380000)
  from space 17920K, 10% used [0x00000000e9600000,0x00000000e97c37d0,0x00000000ea780000)
  to   space 18432K, 0% used [0x00000000e8380000,0x00000000e8380000,0x00000000e9580000)
 ParOldGen       total 57856K, used 52139K [0x00000000a0000000, 0x00000000a3880000, 0x00000000e0000000)
  object space 57856K, 90% used [0x00000000a0000000,0x00000000a32eac30,0x00000000a3880000)
 Metaspace       used 57335K, capacity 58914K, committed 59028K, reserved 1099776K
  class space    used 7732K, capacity 8132K, committed 8192K, reserved 1048576K
Event: 23.890 GC heap after
Heap after GC invocations=19 (full 3):
 PSYoungGen      total 152576K, used 0K [0x00000000e0000000, 0x00000000ea780000, 0x0000000100000000)
  eden space 134656K, 0% used [0x00000000e0000000,0x00000000e0000000,0x00000000e8380000)
  from space 17920K, 0% used [0x00000000e9600000,0x00000000e9600000,0x00000000ea780000)
  to   space 18432K, 0% used [0x00000000e8380000,0x00000000e8380000,0x00000000e9580000)
 ParOldGen       total 95744K, used 33042K [0x00000000a0000000, 0x00000000a5d80000, 0x00000000e0000000)
  object space 95744K, 34% used [0x00000000a0000000,0x00000000a2044818,0x00000000a5d80000)
 Metaspace       used 57335K, capacity 58914K, committed 59028K, reserved 1099776K
  class space    used 7732K, capacity 8132K, committed 8192K, reserved 1048576K
}
Event: 49.551 GC heap before
{Heap before GC invocations=20 (full 3):
 PSYoungGen      total 152576K, used 134656K [0x00000000e0000000, 0x00000000ea780000, 0x0000000100000000)
  eden space 134656K, 100% used [0x00000000e0000000,0x00000000e8380000,0x00000000e8380000)
  from space 17920K, 0% used [0x00000000e9600000,0x00000000e9600000,0x00000000ea780000)
  to   space 18432K, 0% used [0x00000000e8380000,0x00000000e8380000,0x00000000e9580000)
 ParOldGen       total 95744K, used 33042K [0x00000000a0000000, 0x00000000a5d80000, 0x00000000e0000000)
  object space 95744K, 34% used [0x00000000a0000000,0x00000000a2044818,0x00000000a5d80000)
 Metaspace       used 58404K, capacity 60036K, committed 60248K, reserved 1101824K
  class space    used 7840K, capacity 8241K, committed 8320K, reserved 1048576K
Event: 49.560 GC heap after
Heap after GC invocations=20 (full 3):
 PSYoungGen      total 153088K, used 2262K [0x00000000e0000000, 0x00000000eba00000, 0x0000000100000000)
  eden space 134656K, 0% used [0x00000000e0000000,0x00000000e0000000,0x00000000e8380000)
  from space 18432K, 12% used [0x00000000e8380000,0x00000000e85b59b8,0x00000000e9580000)
  to   space 18432K, 0% used [0x00000000ea800000,0x00000000ea800000,0x00000000eba00000)
 ParOldGen       total 95744K, used 33050K [0x00000000a0000000, 0x00000000a5d80000, 0x00000000e0000000)
  object space 95744K, 34% used [0x00000000a0000000,0x00000000a2046818,0x00000000a5d80000)
 Metaspace       used 58404K, capacity 60036K, committed 60248K, reserved 1101824K
  class space    used 7840K, capacity 8241K, committed 8320K, reserved 1048576K
}
Event: 54.957 GC heap before
{Heap before GC invocations=21 (full 3):
 PSYoungGen      total 153088K, used 136918K [0x00000000e0000000, 0x00000000eba00000, 0x0000000100000000)
  eden space 134656K, 100% used [0x00000000e0000000,0x00000000e8380000,0x00000000e8380000)
  from space 18432K, 12% used [0x00000000e8380000,0x00000000e85b59b8,0x00000000e9580000)
  to   space 18432K, 0% used [0x00000000ea800000,0x00000000ea800000,0x00000000eba00000)
 ParOldGen       total 95744K, used 33050K [0x00000000a0000000, 0x00000000a5d80000, 0x00000000e0000000)
  object space 95744K, 34% used [0x00000000a0000000,0x00000000a2046818,0x00000000a5d80000)
 Metaspace       used 62336K, capacity 63886K, committed 64088K, reserved 1103872K
  class space    used 8345K, capacity 8758K, committed 8832K, reserved 1048576K
Event: 54.975 GC heap after
Heap after GC invocations=21 (full 3):
 PSYoungGen      total 168960K, used 11192K [0x00000000e0000000, 0x00000000eb900000, 0x0000000100000000)
  eden space 151552K, 0% used [0x00000000e0000000,0x00000000e0000000,0x00000000e9400000)
  from space 17408K, 64% used [0x00000000ea800000,0x00000000eb2ee220,0x00000000eb900000)
  to   space 18944K, 0% used [0x00000000e9400000,0x00000000e9400000,0x00000000ea680000)
 ParOldGen       total 95744K, used 33058K [0x00000000a0000000, 0x00000000a5d80000, 0x00000000e0000000)
  object space 95744K, 34% used [0x00000000a0000000,0x00000000a2048818,0x00000000a5d80000)
 Metaspace       used 62336K, capacity 63886K, committed 64088K, reserved 1103872K
  class space    used 8345K, capacity 8758K, committed 8832K, reserved 1048576K
}

