# JRE version: OpenJDK Runtime Environment (8.0_152-b06) (build 1.8.0_152-release-1136-b06)
# Java VM: OpenJDK 64-Bit Server VM (25.152-b06 mixed mode windows-amd64 compressed oops)
Heap:
 PSYoungGen      total 302080K, used 93647K [0x00000000e0000000, 0x00000000f3f80000, 0x0000000100000000)
  eden space 279552K, 30% used [0x00000000e0000000,0x00000000e5295428,0x00000000f1100000)
  from space 22528K, 40% used [0x00000000f1100000,0x00000000f19dea28,0x00000000f2700000)
  to   space 23552K, 0% used [0x00000000f2700000,0x00000000f2700000,0x00000000f3e00000)
 ParOldGen       total 90112K, used 57790K [0x00000000a0000000, 0x00000000a5800000, 0x00000000e0000000)
  object space 90112K, 64% used [0x00000000a0000000,0x00000000a386f930,0x00000000a5800000)
 Metaspace       used 76732K, capacity 79148K, committed 79704K, reserved 1118208K
  class space    used 9723K, capacity 10243K, committed 10368K, reserved 1048576K
GC Heap History (10 events):
Event: 453.341 GC heap before
{Heap before GC invocations=31 (full 3):
 PSYoungGen      total 229888K, used 209546K [0x00000000e0000000, 0x00000000f1b80000, 0x0000000100000000)
  eden space 204288K, 100% used [0x00000000e0000000,0x00000000ec780000,0x00000000ec780000)
  from space 25600K, 20% used [0x00000000ec780000,0x00000000ecca2aa8,0x00000000ee080000)
  to   space 25088K, 0% used [0x00000000f0300000,0x00000000f0300000,0x00000000f1b80000)
 ParOldGen       total 90112K, used 72347K [0x00000000a0000000, 0x00000000a5800000, 0x00000000e0000000)
  object space 90112K, 80% used [0x00000000a0000000,0x00000000a46a6e60,0x00000000a5800000)
 Metaspace       used 76858K, capacity 79524K, committed 79704K, reserved 1118208K
  class space    used 9790K, capacity 10361K, committed 10368K, reserved 1048576K
Event: 453.354 GC heap after
Heap after GC invocations=31 (full 3):
 PSYoungGen      total 262144K, used 3216K [0x00000000e0000000, 0x00000000f1980000, 0x0000000100000000)
  eden space 239104K, 0% used [0x00000000e0000000,0x00000000e0000000,0x00000000ee980000)
  from space 23040K, 13% used [0x00000000f0300000,0x00000000f06241c8,0x00000000f1980000)
  to   space 24576K, 0% used [0x00000000ee980000,0x00000000ee980000,0x00000000f0180000)
 ParOldGen       total 90112K, used 76006K [0x00000000a0000000, 0x00000000a5800000, 0x00000000e0000000)
  object space 90112K, 84% used [0x00000000a0000000,0x00000000a4a398e8,0x00000000a5800000)
 Metaspace       used 76858K, capacity 79524K, committed 79704K, reserved 1118208K
  class space    used 9790K, capacity 10361K, committed 10368K, reserved 1048576K
}
Event: 454.764 GC heap before
{Heap before GC invocations=32 (full 3):
 PSYoungGen      total 262144K, used 242320K [0x00000000e0000000, 0x00000000f1980000, 0x0000000100000000)
  eden space 239104K, 100% used [0x00000000e0000000,0x00000000ee980000,0x00000000ee980000)
  from space 23040K, 13% used [0x00000000f0300000,0x00000000f06241c8,0x00000000f1980000)
  to   space 24576K, 0% used [0x00000000ee980000,0x00000000ee980000,0x00000000f0180000)
 ParOldGen       total 90112K, used 76006K [0x00000000a0000000, 0x00000000a5800000, 0x00000000e0000000)
  object space 90112K, 84% used [0x00000000a0000000,0x00000000a4a398e8,0x00000000a5800000)
 Metaspace       used 76902K, capacity 79596K, committed 79704K, reserved 1118208K
  class space    used 9790K, capacity 10361K, committed 10368K, reserved 1048576K
Event: 454.785 GC heap after
Heap after GC invocations=32 (full 3):
 PSYoungGen      total 263680K, used 6414K [0x00000000e0000000, 0x00000000f3e00000, 0x0000000100000000)
  eden space 239104K, 0% used [0x00000000e0000000,0x00000000e0000000,0x00000000ee980000)
  from space 24576K, 26% used [0x00000000ee980000,0x00000000eefc3a10,0x00000000f0180000)
  to   space 23552K, 0% used [0x00000000f2700000,0x00000000f2700000,0x00000000f3e00000)
 ParOldGen       total 90112K, used 77554K [0x00000000a0000000, 0x00000000a5800000, 0x00000000e0000000)
  object space 90112K, 86% used [0x00000000a0000000,0x00000000a4bbc918,0x00000000a5800000)
 Metaspace       used 76902K, capacity 79596K, committed 79704K, reserved 1118208K
  class space    used 9790K, capacity 10361K, committed 10368K, reserved 1048576K
}
Event: 454.785 GC heap before
{Heap before GC invocations=33 (full 4):
 PSYoungGen      total 263680K, used 6414K [0x00000000e0000000, 0x00000000f3e00000, 0x0000000100000000)
  eden space 239104K, 0% used [0x00000000e0000000,0x00000000e0000000,0x00000000ee980000)
  from space 24576K, 26% used [0x00000000ee980000,0x00000000eefc3a10,0x00000000f0180000)
  to   space 23552K, 0% used [0x00000000f2700000,0x00000000f2700000,0x00000000f3e00000)
 ParOldGen       total 90112K, used 77554K [0x00000000a0000000, 0x00000000a5800000, 0x00000000e0000000)
  object space 90112K, 86% used [0x00000000a0000000,0x00000000a4bbc918,0x00000000a5800000)
 Metaspace       used 76902K, capacity 79596K, committed 79704K, reserved 1118208K
  class space    used 9790K, capacity 10361K, committed 10368K, reserved 1048576K
Event: 455.022 GC heap after
Heap after GC invocations=33 (full 4):
 PSYoungGen      total 263680K, used 0K [0x00000000e0000000, 0x00000000f3e00000, 0x0000000100000000)
  eden space 239104K, 0% used [0x00000000e0000000,0x00000000e0000000,0x00000000ee980000)
  from space 24576K, 0% used [0x00000000ee980000,0x00000000ee980000,0x00000000f0180000)
  to   space 23552K, 0% used [0x00000000f2700000,0x00000000f2700000,0x00000000f3e00000)
 ParOldGen       total 90112K, used 53798K [0x00000000a0000000, 0x00000000a5800000, 0x00000000e0000000)
  object space 90112K, 59% used [0x00000000a0000000,0x00000000a34898d0,0x00000000a5800000)
 Metaspace       used 76714K, capacity 79148K, committed 79704K, reserved 1118208K
  class space    used 9722K, capacity 10243K, committed 10368K, reserved 1048576K
}
Event: 455.957 GC heap before
{Heap before GC invocations=34 (full 4):
 PSYoungGen      total 263680K, used 239104K [0x00000000e0000000, 0x00000000f3e00000, 0x0000000100000000)
  eden space 239104K, 100% used [0x00000000e0000000,0x00000000ee980000,0x00000000ee980000)
  from space 24576K, 0% used [0x00000000ee980000,0x00000000ee980000,0x00000000f0180000)
  to   space 23552K, 0% used [0x00000000f2700000,0x00000000f2700000,0x00000000f3e00000)
 ParOldGen       total 90112K, used 53798K [0x00000000a0000000, 0x00000000a5800000, 0x00000000e0000000)
  object space 90112K, 59% used [0x00000000a0000000,0x00000000a34898d0,0x00000000a5800000)
 Metaspace       used 76716K, capacity 79148K, committed 79704K, reserved 1118208K
  class space    used 9723K, capacity 10243K, committed 10368K, reserved 1048576K
Event: 455.976 GC heap after
Heap after GC invocations=34 (full 4):
 PSYoungGen      total 303104K, used 6435K [0x00000000e0000000, 0x00000000f3f80000, 0x0000000100000000)
  eden space 279552K, 0% used [0x00000000e0000000,0x00000000e0000000,0x00000000f1100000)
  from space 23552K, 27% used [0x00000000f2700000,0x00000000f2d48fa0,0x00000000f3e00000)
  to   space 22528K, 0% used [0x00000000f1100000,0x00000000f1100000,0x00000000f2700000)
 ParOldGen       total 90112K, used 53806K [0x00000000a0000000, 0x00000000a5800000, 0x00000000e0000000)
  object space 90112K, 59% used [0x00000000a0000000,0x00000000a348b8d0,0x00000000a5800000)
 Metaspace       used 76716K, capacity 79148K, committed 79704K, reserved 1118208K
  class space    used 9723K, capacity 10243K, committed 10368K, reserved 1048576K
}
Event: 457.875 GC heap before
{Heap before GC invocations=35 (full 4):
 PSYoungGen      total 303104K, used 285987K [0x00000000e0000000, 0x00000000f3f80000, 0x0000000100000000)
  eden space 279552K, 100% used [0x00000000e0000000,0x00000000f1100000,0x00000000f1100000)
  from space 23552K, 27% used [0x00000000f2700000,0x00000000f2d48fa0,0x00000000f3e00000)
  to   space 22528K, 0% used [0x00000000f1100000,0x00000000f1100000,0x00000000f2700000)
 ParOldGen       total 90112K, used 53806K [0x00000000a0000000, 0x00000000a5800000, 0x00000000e0000000)
  object space 90112K, 59% used [0x00000000a0000000,0x00000000a348b8d0,0x00000000a5800000)
 Metaspace       used 76729K, capacity 79148K, committed 79704K, reserved 1118208K
  class space    used 9723K, capacity 10243K, committed 10368K, reserved 1048576K
Event: 457.902 GC heap after
Heap after GC invocations=35 (full 4):
 PSYoungGen      total 302080K, used 9082K [0x00000000e0000000, 0x00000000f3f80000, 0x0000000100000000)
  eden space 279552K, 0% used [0x00000000e0000000,0x00000000e0000000,0x00000000f1100000)
  from space 22528K, 40% used [0x00000000f1100000,0x00000000f19dea28,0x00000000f2700000)
  to   space 23552K, 0% used [0x00000000f2700000,0x00000000f2700000,0x00000000f3e00000)
 ParOldGen       total 90112K, used 57790K [0x00000000a0000000, 0x00000000a5800000, 0x00000000e0000000)
  object space 90112K, 64% used [0x00000000a0000000,0x00000000a386f930,0x00000000a5800000)
 Metaspace       used 76729K, capacity 79148K, committed 79704K, reserved 1118208K
  class space    used 9723K, capacity 10243K, committed 10368K, reserved 1048576K
}

