# JRE version: OpenJDK Runtime Environment (8.0_152-b06) (build 1.8.0_152-release-1136-b06)
# Java VM: OpenJDK 64-Bit Server VM (25.152-b06 mixed mode windows-amd64 compressed oops)
Heap:
 PSYoungGen      total 76288K, used 71964K [0x00000000e0000000, 0x00000000e5a00000, 0x0000000100000000)
  eden space 69632K, 93% used [0x00000000e0000000,0x00000000e3fc88e0,0x00000000e4400000)
  from space 6656K, 99% used [0x00000000e4400000,0x00000000e4a7e8a0,0x00000000e4a80000)
  to   space 8704K, 99% used [0x00000000e5180000,0x00000000e59ff248,0x00000000e5a00000)
 ParOldGen       total 61952K, used 25178K [0x00000000a0000000, 0x00000000a3c80000, 0x00000000e0000000)
  object space 61952K, 40% used [0x00000000a0000000,0x00000000a1896ad0,0x00000000a3c80000)
 Metaspace       used 51106K, capacity 52216K, committed 52440K, reserved 1099776K
  class space    used 6808K, capacity 7138K, committed 7168K, reserved 1048576K
GC Heap History (10 events):
Event: 15.399 GC heap before
{Heap before GC invocations=13 (full 1):
 PSYoungGen      total 55808K, used 53564K [0x00000000e0000000, 0x00000000e4200000, 0x0000000100000000)
  eden space 49664K, 100% used [0x00000000e0000000,0x00000000e3080000,0x00000000e3080000)
  from space 6144K, 63% used [0x00000000e3080000,0x00000000e344f150,0x00000000e3680000)
  to   space 5632K, 0% used [0x00000000e3c80000,0x00000000e3c80000,0x00000000e4200000)
 ParOldGen       total 34816K, used 11568K [0x00000000a0000000, 0x00000000a2200000, 0x00000000e0000000)
  object space 34816K, 33% used [0x00000000a0000000,0x00000000a0b4c310,0x00000000a2200000)
 Metaspace       used 32126K, capacity 32862K, committed 33024K, reserved 1077248K
  class space    used 4325K, capacity 4573K, committed 4608K, reserved 1048576K
Event: 15.407 GC heap after
Heap after GC invocations=13 (full 1):
 PSYoungGen      total 61440K, used 5043K [0x00000000e0000000, 0x00000000e4b00000, 0x0000000100000000)
  eden space 55808K, 0% used [0x00000000e0000000,0x00000000e0000000,0x00000000e3680000)
  from space 5632K, 89% used [0x00000000e3c80000,0x00000000e416cde0,0x00000000e4200000)
  to   space 6144K, 0% used [0x00000000e3680000,0x00000000e3680000,0x00000000e3c80000)
 ParOldGen       total 34816K, used 12661K [0x00000000a0000000, 0x00000000a2200000, 0x00000000e0000000)
  object space 34816K, 36% used [0x00000000a0000000,0x00000000a0c5d520,0x00000000a2200000)
 Metaspace       used 32126K, capacity 32862K, committed 33024K, reserved 1077248K
  class space    used 4325K, capacity 4573K, committed 4608K, reserved 1048576K
}
Event: 20.233 GC heap before
{Heap before GC invocations=14 (full 1):
 PSYoungGen      total 61440K, used 57638K [0x00000000e0000000, 0x00000000e4b00000, 0x0000000100000000)
  eden space 55808K, 94% used [0x00000000e0000000,0x00000000e335cb70,0x00000000e3680000)
  from space 5632K, 89% used [0x00000000e3c80000,0x00000000e416cde0,0x00000000e4200000)
  to   space 6144K, 0% used [0x00000000e3680000,0x00000000e3680000,0x00000000e3c80000)
 ParOldGen       total 34816K, used 12661K [0x00000000a0000000, 0x00000000a2200000, 0x00000000e0000000)
  object space 34816K, 36% used [0x00000000a0000000,0x00000000a0c5d520,0x00000000a2200000)
 Metaspace       used 34482K, capacity 35262K, committed 35416K, reserved 1079296K
  class space    used 4708K, capacity 4968K, committed 4992K, reserved 1048576K
Event: 20.246 GC heap after
Heap after GC invocations=14 (full 1):
 PSYoungGen      total 61952K, used 4855K [0x00000000e0000000, 0x00000000e5100000, 0x0000000100000000)
  eden space 55808K, 0% used [0x00000000e0000000,0x00000000e0000000,0x00000000e3680000)
  from space 6144K, 79% used [0x00000000e3680000,0x00000000e3b3dec0,0x00000000e3c80000)
  to   space 6144K, 0% used [0x00000000e4b00000,0x00000000e4b00000,0x00000000e5100000)
 ParOldGen       total 34816K, used 15181K [0x00000000a0000000, 0x00000000a2200000, 0x00000000e0000000)
  object space 34816K, 43% used [0x00000000a0000000,0x00000000a0ed3540,0x00000000a2200000)
 Metaspace       used 34482K, capacity 35262K, committed 35416K, reserved 1079296K
  class space    used 4708K, capacity 4968K, committed 4992K, reserved 1048576K
}
Event: 20.246 GC heap before
{Heap before GC invocations=15 (full 2):
 PSYoungGen      total 61952K, used 4855K [0x00000000e0000000, 0x00000000e5100000, 0x0000000100000000)
  eden space 55808K, 0% used [0x00000000e0000000,0x00000000e0000000,0x00000000e3680000)
  from space 6144K, 79% used [0x00000000e3680000,0x00000000e3b3dec0,0x00000000e3c80000)
  to   space 6144K, 0% used [0x00000000e4b00000,0x00000000e4b00000,0x00000000e5100000)
 ParOldGen       total 34816K, used 15181K [0x00000000a0000000, 0x00000000a2200000, 0x00000000e0000000)
  object space 34816K, 43% used [0x00000000a0000000,0x00000000a0ed3540,0x00000000a2200000)
 Metaspace       used 34482K, capacity 35262K, committed 35416K, reserved 1079296K
  class space    used 4708K, capacity 4968K, committed 4992K, reserved 1048576K
Event: 20.585 GC heap after
Heap after GC invocations=15 (full 2):
 PSYoungGen      total 61952K, used 0K [0x00000000e0000000, 0x00000000e5100000, 0x0000000100000000)
  eden space 55808K, 0% used [0x00000000e0000000,0x00000000e0000000,0x00000000e3680000)
  from space 6144K, 0% used [0x00000000e3680000,0x00000000e3680000,0x00000000e3c80000)
  to   space 6144K, 0% used [0x00000000e4b00000,0x00000000e4b00000,0x00000000e5100000)
 ParOldGen       total 61952K, used 17117K [0x00000000a0000000, 0x00000000a3c80000, 0x00000000e0000000)
  object space 61952K, 27% used [0x00000000a0000000,0x00000000a10b75b0,0x00000000a3c80000)
 Metaspace       used 34401K, capacity 35094K, committed 35416K, reserved 1079296K
  class space    used 4685K, capacity 4912K, committed 4992K, reserved 1048576K
}
Event: 23.003 GC heap before
{Heap before GC invocations=16 (full 2):
 PSYoungGen      total 61952K, used 55808K [0x00000000e0000000, 0x00000000e5100000, 0x0000000100000000)
  eden space 55808K, 100% used [0x00000000e0000000,0x00000000e3680000,0x00000000e3680000)
  from space 6144K, 0% used [0x00000000e3680000,0x00000000e3680000,0x00000000e3c80000)
  to   space 6144K, 0% used [0x00000000e4b00000,0x00000000e4b00000,0x00000000e5100000)
 ParOldGen       total 61952K, used 17117K [0x00000000a0000000, 0x00000000a3c80000, 0x00000000e0000000)
  object space 61952K, 27% used [0x00000000a0000000,0x00000000a10b75b0,0x00000000a3c80000)
 Metaspace       used 40991K, capacity 41876K, committed 42200K, reserved 1085440K
  class space    used 5502K, capacity 5791K, committed 5888K, reserved 1048576K
Event: 23.011 GC heap after
Heap after GC invocations=16 (full 2):
 PSYoungGen      total 69632K, used 6120K [0x00000000e0000000, 0x00000000e5100000, 0x0000000100000000)
  eden space 63488K, 0% used [0x00000000e0000000,0x00000000e0000000,0x00000000e3e00000)
  from space 6144K, 99% used [0x00000000e4b00000,0x00000000e50fa2a0,0x00000000e5100000)
  to   space 6656K, 0% used [0x00000000e4400000,0x00000000e4400000,0x00000000e4a80000)
 ParOldGen       total 61952K, used 17541K [0x00000000a0000000, 0x00000000a3c80000, 0x00000000e0000000)
  object space 61952K, 28% used [0x00000000a0000000,0x00000000a1121630,0x00000000a3c80000)
 Metaspace       used 40991K, capacity 41876K, committed 42200K, reserved 1085440K
  class space    used 5502K, capacity 5791K, committed 5888K, reserved 1048576K
}
Event: 25.550 GC heap before
{Heap before GC invocations=17 (full 2):
 PSYoungGen      total 69632K, used 69608K [0x00000000e0000000, 0x00000000e5100000, 0x0000000100000000)
  eden space 63488K, 100% used [0x00000000e0000000,0x00000000e3e00000,0x00000000e3e00000)
  from space 6144K, 99% used [0x00000000e4b00000,0x00000000e50fa2a0,0x00000000e5100000)
  to   space 6656K, 0% used [0x00000000e4400000,0x00000000e4400000,0x00000000e4a80000)
 ParOldGen       total 61952K, used 17541K [0x00000000a0000000, 0x00000000a3c80000, 0x00000000e0000000)
  object space 61952K, 28% used [0x00000000a0000000,0x00000000a1121630,0x00000000a3c80000)
 Metaspace       used 44652K, capacity 45572K, committed 45912K, reserved 1089536K
  class space    used 5931K, capacity 6203K, committed 6272K, reserved 1048576K
Event: 25.595 GC heap after
Heap after GC invocations=17 (full 2):
 PSYoungGen      total 76288K, used 6650K [0x00000000e0000000, 0x00000000e5a00000, 0x0000000100000000)
  eden space 69632K, 0% used [0x00000000e0000000,0x00000000e0000000,0x00000000e4400000)
  from space 6656K, 99% used [0x00000000e4400000,0x00000000e4a7e8a0,0x00000000e4a80000)
  to   space 8704K, 0% used [0x00000000e5180000,0x00000000e5180000,0x00000000e5a00000)
 ParOldGen       total 61952K, used 20486K [0x00000000a0000000, 0x00000000a3c80000, 0x00000000e0000000)
  object space 61952K, 33% used [0x00000000a0000000,0x00000000a1401bb8,0x00000000a3c80000)
 Metaspace       used 44652K, capacity 45572K, committed 45912K, reserved 1089536K
  class space    used 5931K, capacity 6203K, committed 6272K, reserved 1048576K
}

